[ 2017-04-19T11:41:34+08:00 ] 127.0.0.1 127.0.0.1 GET /cgi/reccom?id=F8BCA6F92E82804BD9C8ACA6CAF5E0AAC203F94B7CC53A26E00DEFB86463B396
[ log ] tj.b.qq.com/cgi/reccom?id=F8BCA6F92E82804BD9C8ACA6CAF5E0AAC203F94B7CC53A26E00DEFB86463B396 [运行时间：0.131918s][吞吐率：7.58req/s] [内存消耗：277.41kb] [文件加载：40]
[ info ] [ LANG ] /home/lion/Web/thinkphp/lang/zh-cn.php
[ info ] [ ROUTE ] array (
  'type' => 'module',
  'module' => 
  array (
    0 => 'cgi',
    1 => 'reccom',
    2 => NULL,
  ),
)
[ info ] [ HEADER ] array (
  'accept' => '*/*',
  'user-agent' => 'Mozilla/4.0 (compatible; MSIE 6.0; Windows NT 5.1)',
  'host' => 'tj.b.qq.com',
  'pragma' => 'no-cache',
)
[ info ] [ PARAM ] array (
  'id' => 'F8BCA6F92E82804BD9C8ACA6CAF5E0AAC203F94B7CC53A26E00DEFB86463B396',
)
[ info ] [ LOG ] INIT File

---------------------------------------------------------------
[ 2017-04-19T11:41:46+08:00 ] 127.0.0.1 127.0.0.1 GET /search.xml
[ log ] tj.b.qq.com/search.xml [运行时间：0.007001s][吞吐率：142.84req/s] [内存消耗：207.89kb] [文件加载：40]
[ info ] [ LANG ] /home/lion/Web/thinkphp/lang/zh-cn.php
[ info ] [ ROUTE ] array (
  'type' => 'module',
  'module' => 
  array (
    0 => 'search',
    1 => NULL,
    2 => NULL,
  ),
)
[ info ] [ HEADER ] array (
  'accept' => '*/*',
  'user-agent' => 'Mozilla/4.0 (compatible; MSIE 6.0; Windows NT 5.1)',
  'host' => 'tj.b.qq.com',
  'pragma' => 'no-cache',
)
[ info ] [ PARAM ] array (
)
[ info ] [ LOG ] INIT File

---------------------------------------------------------------
[ 2017-04-19T14:06:49+08:00 ] 127.0.0.1 127.0.0.1 GET /cgi/reccom?id=2B4E8BCE527B229A0A1957CE034C67A3629D1712D19B11906FBF9B42309299DF
[ log ] tj.b.qq.com/cgi/reccom?id=2B4E8BCE527B229A0A1957CE034C67A3629D1712D19B11906FBF9B42309299DF [运行时间：0.179696s][吞吐率：5.56req/s] [内存消耗：277.41kb] [文件加载：40]
[ info ] [ LANG ] /home/lion/Web/thinkphp/lang/zh-cn.php
[ info ] [ ROUTE ] array (
  'type' => 'module',
  'module' => 
  array (
    0 => 'cgi',
    1 => 'reccom',
    2 => NULL,
  ),
)
[ info ] [ HEADER ] array (
  'accept' => '*/*',
  'user-agent' => 'Mozilla/4.0 (compatible; MSIE 6.0; Windows NT 5.1)',
  'host' => 'tj.b.qq.com',
  'pragma' => 'no-cache',
)
[ info ] [ PARAM ] array (
  'id' => '2B4E8BCE527B229A0A1957CE034C67A3629D1712D19B11906FBF9B42309299DF',
)
[ info ] [ LOG ] INIT File

---------------------------------------------------------------
[ 2017-04-19T14:06:58+08:00 ] 127.0.0.1 127.0.0.1 GET /search.xml
[ log ] tj.b.qq.com/search.xml [运行时间：0.004906s][吞吐率：203.83req/s] [内存消耗：207.89kb] [文件加载：40]
[ info ] [ LANG ] /home/lion/Web/thinkphp/lang/zh-cn.php
[ info ] [ ROUTE ] array (
  'type' => 'module',
  'module' => 
  array (
    0 => 'search',
    1 => NULL,
    2 => NULL,
  ),
)
[ info ] [ HEADER ] array (
  'accept' => '*/*',
  'user-agent' => 'Mozilla/4.0 (compatible; MSIE 6.0; Windows NT 5.1)',
  'host' => 'tj.b.qq.com',
  'pragma' => 'no-cache',
)
[ info ] [ PARAM ] array (
)
[ info ] [ LOG ] INIT File

---------------------------------------------------------------
