[ 2017-03-15T15:30:14+08:00 ] 127.0.0.1 127.0.0.1 GET /wpad.dat
[ log ] wpad/wpad.dat [运行时间：0.304080s][吞吐率：3.29req/s] [内存消耗：276.67kb] [文件加载：40]
[ info ] [ LANG ] /home/lion/Web/thinkphp/lang/zh-cn.php
[ info ] [ ROUTE ] array (
  'type' => 'module',
  'module' => 
  array (
    0 => 'wpad',
    1 => NULL,
    2 => NULL,
  ),
)
[ info ] [ HEADER ] array (
  'host' => 'wpad',
  'connection' => 'keep-alive',
  'user-agent' => '',
  'accept-encoding' => 'gzip,deflate',
  'accept-language' => 'en-us,en',
)
[ info ] [ PARAM ] array (
)
[ info ] [ LOG ] INIT File

---------------------------------------------------------------
[ 2017-03-15T15:30:16+08:00 ] 127.0.0.1 127.0.0.1 GET /cgi/reccom?id=A2F90BE3B3AADC5C154BA84E5C535A6490157E7F075C3F1C799320C8927B5964
[ log ] tj.b.qq.com/cgi/reccom?id=A2F90BE3B3AADC5C154BA84E5C535A6490157E7F075C3F1C799320C8927B5964 [运行时间：0.005757s][吞吐率：173.70req/s] [内存消耗：208.70kb] [文件加载：40]
[ info ] [ LANG ] /home/lion/Web/thinkphp/lang/zh-cn.php
[ info ] [ ROUTE ] array (
  'type' => 'module',
  'module' => 
  array (
    0 => 'cgi',
    1 => 'reccom',
    2 => NULL,
  ),
)
[ info ] [ HEADER ] array (
  'accept' => '*/*',
  'user-agent' => 'Mozilla/4.0 (compatible; MSIE 6.0; Windows NT 5.1)',
  'host' => 'tj.b.qq.com',
  'pragma' => 'no-cache',
)
[ info ] [ PARAM ] array (
  'id' => 'A2F90BE3B3AADC5C154BA84E5C535A6490157E7F075C3F1C799320C8927B5964',
)
[ info ] [ LOG ] INIT File

---------------------------------------------------------------
[ 2017-03-15T15:30:22+08:00 ] 127.0.0.1 127.0.0.1 GET /wpad.dat
[ log ] wpad/wpad.dat [运行时间：0.005675s][吞吐率：176.22req/s] [内存消耗：207.96kb] [文件加载：40]
[ info ] [ LANG ] /home/lion/Web/thinkphp/lang/zh-cn.php
[ info ] [ ROUTE ] array (
  'type' => 'module',
  'module' => 
  array (
    0 => 'wpad',
    1 => NULL,
    2 => NULL,
  ),
)
[ info ] [ HEADER ] array (
  'host' => 'wpad',
  'connection' => 'keep-alive',
  'user-agent' => '',
  'accept-encoding' => 'gzip,deflate',
  'accept-language' => 'en-us,en',
)
[ info ] [ PARAM ] array (
)
[ info ] [ LOG ] INIT File

---------------------------------------------------------------
[ 2017-03-15T15:30:25+08:00 ] 127.0.0.1 127.0.0.1 GET /search.xml
[ log ] tj.b.qq.com/search.xml [运行时间：0.006217s][吞吐率：160.85req/s] [内存消耗：207.89kb] [文件加载：40]
[ info ] [ LANG ] /home/lion/Web/thinkphp/lang/zh-cn.php
[ info ] [ ROUTE ] array (
  'type' => 'module',
  'module' => 
  array (
    0 => 'search',
    1 => NULL,
    2 => NULL,
  ),
)
[ info ] [ HEADER ] array (
  'accept' => '*/*',
  'user-agent' => 'Mozilla/4.0 (compatible; MSIE 6.0; Windows NT 5.1)',
  'host' => 'tj.b.qq.com',
  'pragma' => 'no-cache',
)
[ info ] [ PARAM ] array (
)
[ info ] [ LOG ] INIT File

---------------------------------------------------------------
[ 2017-03-15T15:31:35+08:00 ] 127.0.0.1 127.0.0.1 POST /cgi-bin/pu-cgi
[ log ] crsignv1.qq.com/cgi-bin/pu-cgi [运行时间：0.008842s][吞吐率：113.10req/s] [内存消耗：208.34kb] [文件加载：40]
[ info ] [ LANG ] /home/lion/Web/thinkphp/lang/zh-cn.php
[ info ] [ ROUTE ] array (
  'type' => 'module',
  'module' => 
  array (
    0 => 'cgi-bin',
    1 => 'pu-cgi',
    2 => NULL,
  ),
)
[ info ] [ HEADER ] array (
  'accept' => '*/*',
  'user-agent' => 'Mozilla/4.0 (compatible; MSIE 6.0; Windows NT 5.1)',
  'host' => 'crsignv1.qq.com',
  'pragma' => 'no-cache',
  'content-length' => '316',
)
[ info ] [ PARAM ] array (
)
[ info ] [ LOG ] INIT File

---------------------------------------------------------------
[ 2017-03-15T16:09:37+08:00 ] 127.0.0.1 127.0.0.1 GET /wpad.dat
[ log ] wpad/wpad.dat [运行时间：0.003625s][吞吐率：275.87req/s] [内存消耗：207.96kb] [文件加载：40]
[ info ] [ LANG ] /home/lion/Web/thinkphp/lang/zh-cn.php
[ info ] [ ROUTE ] array (
  'type' => 'module',
  'module' => 
  array (
    0 => 'wpad',
    1 => NULL,
    2 => NULL,
  ),
)
[ info ] [ HEADER ] array (
  'host' => 'wpad',
  'connection' => 'keep-alive',
  'user-agent' => '',
  'accept-encoding' => 'gzip,deflate',
  'accept-language' => 'en-us,en',
)
[ info ] [ PARAM ] array (
)
[ info ] [ LOG ] INIT File

---------------------------------------------------------------
[ 2017-03-15T16:09:45+08:00 ] 127.0.0.1 127.0.0.1 GET /wpad.dat
[ log ] wpad/wpad.dat [运行时间：0.002560s][吞吐率：390.64req/s] [内存消耗：207.96kb] [文件加载：40]
[ info ] [ LANG ] /home/lion/Web/thinkphp/lang/zh-cn.php
[ info ] [ ROUTE ] array (
  'type' => 'module',
  'module' => 
  array (
    0 => 'wpad',
    1 => NULL,
    2 => NULL,
  ),
)
[ info ] [ HEADER ] array (
  'host' => 'wpad',
  'connection' => 'keep-alive',
  'user-agent' => '',
  'accept-encoding' => 'gzip,deflate',
  'accept-language' => 'en-us,en',
)
[ info ] [ PARAM ] array (
)
[ info ] [ LOG ] INIT File

---------------------------------------------------------------
[ 2017-03-15T16:33:07+08:00 ] 127.0.0.1 127.0.0.1 GET /admin/index/branch
[ log ] localhost/admin/index/branch [运行时间：0.340142s][吞吐率：2.94req/s] [内存消耗：254.08kb] [文件加载：48]
[ info ] [ LANG ] /home/lion/Web/thinkphp/lang/zh-cn.php
[ info ] [ ROUTE ] array (
  'type' => 'module',
  'module' => 
  array (
    0 => 'admin',
    1 => 'index',
    2 => 'branch',
  ),
)
[ info ] [ HEADER ] array (
  'host' => 'localhost',
  'connection' => 'keep-alive',
  'upgrade-insecure-requests' => '1',
  'user-agent' => 'Mozilla/5.0 (X11; Linux x86_64) AppleWebKit/537.36 (KHTML, like Gecko) Chrome/55.0.2883.87 Safari/537.36',
  'accept' => 'text/html,application/xhtml+xml,application/xml;q=0.9,image/webp,*/*;q=0.8',
  'accept-encoding' => 'gzip, deflate, sdch, br',
  'accept-language' => 'zh-CN,zh;q=0.8',
)
[ info ] [ PARAM ] array (
)
[ info ] [ RUN ] app\admin\controller\Index->branch[ /home/lion/Web/application/admin/controller/Index.php ]
[ info ] [ VIEW ] /home/lion/Web/html/../application/admin/view/index/branch.html [ array (
) ]
[ info ] [ LOG ] INIT File

---------------------------------------------------------------
[ 2017-03-15T16:33:08+08:00 ] 127.0.0.1 127.0.0.1 GET /admin/index/getDepart
[ log ] localhost/admin/index/getDepart [运行时间：0.126682s][吞吐率：7.89req/s] [内存消耗：480.17kb] [文件加载：55]
[ info ] [ LANG ] /home/lion/Web/thinkphp/lang/zh-cn.php
[ info ] [ ROUTE ] array (
  'type' => 'module',
  'module' => 
  array (
    0 => 'admin',
    1 => 'index',
    2 => 'getDepart',
  ),
)
[ info ] [ HEADER ] array (
  'host' => 'localhost',
  'connection' => 'keep-alive',
  'accept' => 'application/json, text/javascript, */*; q=0.01',
  'x-requested-with' => 'XMLHttpRequest',
  'user-agent' => 'Mozilla/5.0 (X11; Linux x86_64) AppleWebKit/537.36 (KHTML, like Gecko) Chrome/55.0.2883.87 Safari/537.36',
  'referer' => 'http://localhost/admin/index/branch',
  'accept-encoding' => 'gzip, deflate, sdch, br',
  'accept-language' => 'zh-CN,zh;q=0.8',
  'cookie' => 'thinkphp_show_page_trace=0|0',
)
[ info ] [ PARAM ] array (
)
[ info ] [ RUN ] app\admin\controller\Index->getDepart[ /home/lion/Web/application/admin/controller/Index.php ]
[ info ] [ DB ] INIT mysql
[ info ] [ LOG ] INIT File
[ sql ] [ DB ] CONNECT:[ UseTime:0.033726s ] mysql:dbname=alcms;host=127.0.0.1;charset=utf8
[ sql ] [ SQL ] SHOW COLUMNS FROM `al_depart` [ RunTime:0.018278s ]
[ sql ] [ SQL ] SELECT `id`,`name`,`pid`,`level` FROM `al_depart` [ RunTime:0.010161s ]

---------------------------------------------------------------
[ 2017-03-15T16:33:10+08:00 ] 127.0.0.1 127.0.0.1 GET /admin/index/index
[ log ] localhost/admin/index/index [运行时间：0.013561s][吞吐率：73.74req/s] [内存消耗：253.79kb] [文件加载：49]
[ info ] [ LANG ] /home/lion/Web/thinkphp/lang/zh-cn.php
[ info ] [ ROUTE ] array (
  'type' => 'module',
  'module' => 
  array (
    0 => 'admin',
    1 => 'index',
    2 => 'index',
  ),
)
[ info ] [ HEADER ] array (
  'host' => 'localhost',
  'connection' => 'keep-alive',
  'upgrade-insecure-requests' => '1',
  'user-agent' => 'Mozilla/5.0 (X11; Linux x86_64) AppleWebKit/537.36 (KHTML, like Gecko) Chrome/55.0.2883.87 Safari/537.36',
  'accept' => 'text/html,application/xhtml+xml,application/xml;q=0.9,image/webp,*/*;q=0.8',
  'accept-encoding' => 'gzip, deflate, sdch, br',
  'accept-language' => 'zh-CN,zh;q=0.8',
  'cookie' => 'thinkphp_show_page_trace=0|0',
)
[ info ] [ PARAM ] array (
)
[ info ] [ RUN ] app\admin\controller\Index->index[ /home/lion/Web/application/admin/controller/Index.php ]
[ info ] [ VIEW ] /home/lion/Web/html/../application/admin/view/index/index.html [ array (
) ]
[ info ] [ LOG ] INIT File

---------------------------------------------------------------
[ 2017-03-15T16:33:13+08:00 ] 127.0.0.1 127.0.0.1 GET /admin/index/staff
[ log ] localhost/admin/index/staff [运行时间：0.012717s][吞吐率：78.63req/s] [内存消耗：252.87kb] [文件加载：48]
[ info ] [ LANG ] /home/lion/Web/thinkphp/lang/zh-cn.php
[ info ] [ ROUTE ] array (
  'type' => 'module',
  'module' => 
  array (
    0 => 'admin',
    1 => 'index',
    2 => 'staff',
  ),
)
[ info ] [ HEADER ] array (
  'host' => 'localhost',
  'connection' => 'keep-alive',
  'upgrade-insecure-requests' => '1',
  'user-agent' => 'Mozilla/5.0 (X11; Linux x86_64) AppleWebKit/537.36 (KHTML, like Gecko) Chrome/55.0.2883.87 Safari/537.36',
  'accept' => 'text/html,application/xhtml+xml,application/xml;q=0.9,image/webp,*/*;q=0.8',
  'referer' => 'http://localhost/admin/index/index',
  'accept-encoding' => 'gzip, deflate, sdch, br',
  'accept-language' => 'zh-CN,zh;q=0.8',
  'cookie' => 'thinkphp_show_page_trace=0|0',
)
[ info ] [ PARAM ] array (
)
[ info ] [ RUN ] app\admin\controller\Index->staff[ /home/lion/Web/application/admin/controller/Index.php ]
[ info ] [ VIEW ] /home/lion/Web/html/../application/admin/view/index/staff.html [ array (
) ]
[ info ] [ LOG ] INIT File

---------------------------------------------------------------
[ 2017-03-15T16:33:13+08:00 ] 127.0.0.1 127.0.0.1 GET /admin/index/getDepart
[ log ] localhost/admin/index/getDepart [运行时间：0.004872s][吞吐率：205.25req/s] [内存消耗：414.03kb] [文件加载：55]
[ info ] [ LANG ] /home/lion/Web/thinkphp/lang/zh-cn.php
[ info ] [ ROUTE ] array (
  'type' => 'module',
  'module' => 
  array (
    0 => 'admin',
    1 => 'index',
    2 => 'getDepart',
  ),
)
[ info ] [ HEADER ] array (
  'host' => 'localhost',
  'connection' => 'keep-alive',
  'accept' => 'application/json, text/javascript, */*; q=0.01',
  'x-requested-with' => 'XMLHttpRequest',
  'user-agent' => 'Mozilla/5.0 (X11; Linux x86_64) AppleWebKit/537.36 (KHTML, like Gecko) Chrome/55.0.2883.87 Safari/537.36',
  'referer' => 'http://localhost/admin/index/staff',
  'accept-encoding' => 'gzip, deflate, sdch, br',
  'accept-language' => 'zh-CN,zh;q=0.8',
  'cookie' => 'thinkphp_show_page_trace=0|0',
)
[ info ] [ PARAM ] array (
)
[ info ] [ RUN ] app\admin\controller\Index->getDepart[ /home/lion/Web/application/admin/controller/Index.php ]
[ info ] [ DB ] INIT mysql
[ info ] [ LOG ] INIT File
[ sql ] [ DB ] CONNECT:[ UseTime:0.000461s ] mysql:dbname=alcms;host=127.0.0.1;charset=utf8
[ sql ] [ SQL ] SHOW COLUMNS FROM `al_depart` [ RunTime:0.000832s ]
[ sql ] [ SQL ] SELECT `id`,`name`,`pid`,`level` FROM `al_depart` [ RunTime:0.000234s ]

---------------------------------------------------------------
[ 2017-03-15T16:33:16+08:00 ] 127.0.0.1 127.0.0.1 GET /admin/index/staffadd
[ log ] localhost/admin/index/staffadd [运行时间：0.002798s][吞吐率：357.42req/s] [内存消耗：252.90kb] [文件加载：48]
[ info ] [ LANG ] /home/lion/Web/thinkphp/lang/zh-cn.php
[ info ] [ ROUTE ] array (
  'type' => 'module',
  'module' => 
  array (
    0 => 'admin',
    1 => 'index',
    2 => 'staffadd',
  ),
)
[ info ] [ HEADER ] array (
  'host' => 'localhost',
  'connection' => 'keep-alive',
  'upgrade-insecure-requests' => '1',
  'user-agent' => 'Mozilla/5.0 (X11; Linux x86_64) AppleWebKit/537.36 (KHTML, like Gecko) Chrome/55.0.2883.87 Safari/537.36',
  'accept' => 'text/html,application/xhtml+xml,application/xml;q=0.9,image/webp,*/*;q=0.8',
  'referer' => 'http://localhost/admin/index/staff',
  'accept-encoding' => 'gzip, deflate, sdch, br',
  'accept-language' => 'zh-CN,zh;q=0.8',
  'cookie' => 'thinkphp_show_page_trace=0|0',
)
[ info ] [ PARAM ] array (
)
[ info ] [ RUN ] app\admin\controller\Index->staffadd[ /home/lion/Web/application/admin/controller/Index.php ]
[ info ] [ VIEW ] /home/lion/Web/html/../application/admin/view/index/staffadd.html [ array (
) ]
[ info ] [ LOG ] INIT File

---------------------------------------------------------------
[ 2017-03-15T16:34:21+08:00 ] 127.0.0.1 127.0.0.1 GET /admin/index/branch
[ log ] localhost/admin/index/branch [运行时间：0.007542s][吞吐率：132.59req/s] [内存消耗：252.46kb] [文件加载：48]
[ info ] [ LANG ] /home/lion/Web/thinkphp/lang/zh-cn.php
[ info ] [ ROUTE ] array (
  'type' => 'module',
  'module' => 
  array (
    0 => 'admin',
    1 => 'index',
    2 => 'branch',
  ),
)
[ info ] [ HEADER ] array (
  'host' => 'localhost',
  'connection' => 'keep-alive',
  'upgrade-insecure-requests' => '1',
  'user-agent' => 'Mozilla/5.0 (X11; Linux x86_64) AppleWebKit/537.36 (KHTML, like Gecko) Chrome/55.0.2883.87 Safari/537.36',
  'accept' => 'text/html,application/xhtml+xml,application/xml;q=0.9,image/webp,*/*;q=0.8',
  'referer' => 'http://localhost/admin/index/index',
  'accept-encoding' => 'gzip, deflate, sdch, br',
  'accept-language' => 'zh-CN,zh;q=0.8',
  'cookie' => 'thinkphp_show_page_trace=0|0',
)
[ info ] [ PARAM ] array (
)
[ info ] [ RUN ] app\admin\controller\Index->branch[ /home/lion/Web/application/admin/controller/Index.php ]
[ info ] [ VIEW ] /home/lion/Web/html/../application/admin/view/index/branch.html [ array (
) ]
[ info ] [ LOG ] INIT File

---------------------------------------------------------------
[ 2017-03-15T16:34:21+08:00 ] 127.0.0.1 127.0.0.1 GET /admin/index/getDepart
[ log ] localhost/admin/index/getDepart [运行时间：0.004785s][吞吐率：208.98req/s] [内存消耗：414.03kb] [文件加载：55]
[ info ] [ LANG ] /home/lion/Web/thinkphp/lang/zh-cn.php
[ info ] [ ROUTE ] array (
  'type' => 'module',
  'module' => 
  array (
    0 => 'admin',
    1 => 'index',
    2 => 'getDepart',
  ),
)
[ info ] [ HEADER ] array (
  'host' => 'localhost',
  'connection' => 'keep-alive',
  'accept' => 'application/json, text/javascript, */*; q=0.01',
  'x-requested-with' => 'XMLHttpRequest',
  'user-agent' => 'Mozilla/5.0 (X11; Linux x86_64) AppleWebKit/537.36 (KHTML, like Gecko) Chrome/55.0.2883.87 Safari/537.36',
  'referer' => 'http://localhost/admin/index/branch',
  'accept-encoding' => 'gzip, deflate, sdch, br',
  'accept-language' => 'zh-CN,zh;q=0.8',
  'cookie' => 'thinkphp_show_page_trace=0|0',
)
[ info ] [ PARAM ] array (
)
[ info ] [ RUN ] app\admin\controller\Index->getDepart[ /home/lion/Web/application/admin/controller/Index.php ]
[ info ] [ DB ] INIT mysql
[ info ] [ LOG ] INIT File
[ sql ] [ DB ] CONNECT:[ UseTime:0.000716s ] mysql:dbname=alcms;host=127.0.0.1;charset=utf8
[ sql ] [ SQL ] SHOW COLUMNS FROM `al_depart` [ RunTime:0.000877s ]
[ sql ] [ SQL ] SELECT `id`,`name`,`pid`,`level` FROM `al_depart` [ RunTime:0.000272s ]

---------------------------------------------------------------
[ 2017-03-15T16:34:22+08:00 ] 127.0.0.1 127.0.0.1 GET /admin/index/staff
[ log ] localhost/admin/index/staff [运行时间：0.001951s][吞吐率：512.56req/s] [内存消耗：252.46kb] [文件加载：48]
[ info ] [ LANG ] /home/lion/Web/thinkphp/lang/zh-cn.php
[ info ] [ ROUTE ] array (
  'type' => 'module',
  'module' => 
  array (
    0 => 'admin',
    1 => 'index',
    2 => 'staff',
  ),
)
[ info ] [ HEADER ] array (
  'host' => 'localhost',
  'connection' => 'keep-alive',
  'upgrade-insecure-requests' => '1',
  'user-agent' => 'Mozilla/5.0 (X11; Linux x86_64) AppleWebKit/537.36 (KHTML, like Gecko) Chrome/55.0.2883.87 Safari/537.36',
  'accept' => 'text/html,application/xhtml+xml,application/xml;q=0.9,image/webp,*/*;q=0.8',
  'referer' => 'http://localhost/admin/index/index',
  'accept-encoding' => 'gzip, deflate, sdch, br',
  'accept-language' => 'zh-CN,zh;q=0.8',
  'cookie' => 'thinkphp_show_page_trace=0|0',
)
[ info ] [ PARAM ] array (
)
[ info ] [ RUN ] app\admin\controller\Index->staff[ /home/lion/Web/application/admin/controller/Index.php ]
[ info ] [ VIEW ] /home/lion/Web/html/../application/admin/view/index/staff.html [ array (
) ]
[ info ] [ LOG ] INIT File

---------------------------------------------------------------
[ 2017-03-15T16:34:22+08:00 ] 127.0.0.1 127.0.0.1 GET /admin/index/getDepart
[ log ] localhost/admin/index/getDepart [运行时间：0.005095s][吞吐率：196.27req/s] [内存消耗：414.03kb] [文件加载：55]
[ info ] [ LANG ] /home/lion/Web/thinkphp/lang/zh-cn.php
[ info ] [ ROUTE ] array (
  'type' => 'module',
  'module' => 
  array (
    0 => 'admin',
    1 => 'index',
    2 => 'getDepart',
  ),
)
[ info ] [ HEADER ] array (
  'host' => 'localhost',
  'connection' => 'keep-alive',
  'accept' => 'application/json, text/javascript, */*; q=0.01',
  'x-requested-with' => 'XMLHttpRequest',
  'user-agent' => 'Mozilla/5.0 (X11; Linux x86_64) AppleWebKit/537.36 (KHTML, like Gecko) Chrome/55.0.2883.87 Safari/537.36',
  'referer' => 'http://localhost/admin/index/staff',
  'accept-encoding' => 'gzip, deflate, sdch, br',
  'accept-language' => 'zh-CN,zh;q=0.8',
  'cookie' => 'thinkphp_show_page_trace=0|0',
)
[ info ] [ PARAM ] array (
)
[ info ] [ RUN ] app\admin\controller\Index->getDepart[ /home/lion/Web/application/admin/controller/Index.php ]
[ info ] [ DB ] INIT mysql
[ info ] [ LOG ] INIT File
[ sql ] [ DB ] CONNECT:[ UseTime:0.000614s ] mysql:dbname=alcms;host=127.0.0.1;charset=utf8
[ sql ] [ SQL ] SHOW COLUMNS FROM `al_depart` [ RunTime:0.000823s ]
[ sql ] [ SQL ] SELECT `id`,`name`,`pid`,`level` FROM `al_depart` [ RunTime:0.000532s ]

---------------------------------------------------------------
[ 2017-03-15T16:34:25+08:00 ] 127.0.0.1 127.0.0.1 GET /admin/index/departInfoSync/id/1
[ log ] localhost/admin/index/departInfoSync/id/1 [运行时间：0.008386s][吞吐率：119.24req/s] [内存消耗：481.89kb] [文件加载：55]
[ info ] [ LANG ] /home/lion/Web/thinkphp/lang/zh-cn.php
[ info ] [ ROUTE ] array (
  'type' => 'module',
  'module' => 
  array (
    0 => 'admin',
    1 => 'index',
    2 => 'departInfoSync',
  ),
)
[ info ] [ HEADER ] array (
  'host' => 'localhost',
  'connection' => 'keep-alive',
  'accept' => 'application/json, text/javascript, */*; q=0.01',
  'x-requested-with' => 'XMLHttpRequest',
  'user-agent' => 'Mozilla/5.0 (X11; Linux x86_64) AppleWebKit/537.36 (KHTML, like Gecko) Chrome/55.0.2883.87 Safari/537.36',
  'referer' => 'http://localhost/admin/index/branch',
  'accept-encoding' => 'gzip, deflate, sdch, br',
  'accept-language' => 'zh-CN,zh;q=0.8',
  'cookie' => 'thinkphp_show_page_trace=0|0',
)
[ info ] [ PARAM ] array (
  'id' => '1',
)
[ info ] [ RUN ] app\admin\controller\Index->departInfoSync[ /home/lion/Web/application/admin/controller/Index.php ]
[ info ] [ DB ] INIT mysql
[ info ] [ LOG ] INIT File
[ sql ] [ DB ] CONNECT:[ UseTime:0.001015s ] mysql:dbname=alcms;host=127.0.0.1;charset=utf8
[ sql ] [ SQL ] SHOW COLUMNS FROM `al_depart` [ RunTime:0.000800s ]
[ sql ] [ SQL ] SELECT * FROM `al_depart` [ RunTime:0.000213s ]
[ sql ] [ SQL ] SELECT * FROM `al_depart` WHERE  `pid` = 1 [ RunTime:0.000479s ]

---------------------------------------------------------------
[ 2017-03-15T16:34:28+08:00 ] 127.0.0.1 127.0.0.1 GET /admin/index/staffInfoSync/did/1
[ log ] localhost/admin/index/staffInfoSync/did/1 [运行时间：0.053868s][吞吐率：18.56req/s] [内存消耗：498.99kb] [文件加载：56]
[ info ] [ LANG ] /home/lion/Web/thinkphp/lang/zh-cn.php
[ info ] [ ROUTE ] array (
  'type' => 'module',
  'module' => 
  array (
    0 => 'admin',
    1 => 'index',
    2 => 'staffInfoSync',
  ),
)
[ info ] [ HEADER ] array (
  'host' => 'localhost',
  'connection' => 'keep-alive',
  'accept' => 'application/json, text/javascript, */*; q=0.01',
  'x-requested-with' => 'XMLHttpRequest',
  'user-agent' => 'Mozilla/5.0 (X11; Linux x86_64) AppleWebKit/537.36 (KHTML, like Gecko) Chrome/55.0.2883.87 Safari/537.36',
  'referer' => 'http://localhost/admin/index/staff',
  'accept-encoding' => 'gzip, deflate, sdch, br',
  'accept-language' => 'zh-CN,zh;q=0.8',
  'cookie' => 'thinkphp_show_page_trace=0|0',
)
[ info ] [ PARAM ] array (
  'did' => '1',
)
[ info ] [ RUN ] app\admin\controller\Index->staffInfoSync[ /home/lion/Web/application/admin/controller/Index.php ]
[ info ] [ DB ] INIT mysql
[ info ] [ LOG ] INIT File
[ sql ] [ DB ] CONNECT:[ UseTime:0.000547s ] mysql:dbname=alcms;host=127.0.0.1;charset=utf8
[ sql ] [ SQL ] SHOW COLUMNS FROM `al_depart` [ RunTime:0.001496s ]
[ sql ] [ SQL ] SELECT * FROM `al_depart` [ RunTime:0.000345s ]
[ sql ] [ SQL ] SHOW COLUMNS FROM `al_staff` [ RunTime:0.028162s ]
[ sql ] [ SQL ] SELECT * FROM `al_staff` `A` INNER JOIN `al_depart_staff` `B` ON `A`.`id`=`B`.`sid` WHERE  `B`.`did` = '1' [ RunTime:0.012433s ]

---------------------------------------------------------------
[ 2017-03-15T16:34:29+08:00 ] 127.0.0.1 127.0.0.1 GET /admin/index/staffadd
[ log ] localhost/admin/index/staffadd [运行时间：0.005053s][吞吐率：197.91req/s] [内存消耗：252.49kb] [文件加载：48]
[ info ] [ LANG ] /home/lion/Web/thinkphp/lang/zh-cn.php
[ info ] [ ROUTE ] array (
  'type' => 'module',
  'module' => 
  array (
    0 => 'admin',
    1 => 'index',
    2 => 'staffadd',
  ),
)
[ info ] [ HEADER ] array (
  'host' => 'localhost',
  'connection' => 'keep-alive',
  'upgrade-insecure-requests' => '1',
  'user-agent' => 'Mozilla/5.0 (X11; Linux x86_64) AppleWebKit/537.36 (KHTML, like Gecko) Chrome/55.0.2883.87 Safari/537.36',
  'accept' => 'text/html,application/xhtml+xml,application/xml;q=0.9,image/webp,*/*;q=0.8',
  'referer' => 'http://localhost/admin/index/staff',
  'accept-encoding' => 'gzip, deflate, sdch, br',
  'accept-language' => 'zh-CN,zh;q=0.8',
  'cookie' => 'thinkphp_show_page_trace=0|0',
)
[ info ] [ PARAM ] array (
)
[ info ] [ RUN ] app\admin\controller\Index->staffadd[ /home/lion/Web/application/admin/controller/Index.php ]
[ info ] [ VIEW ] /home/lion/Web/html/../application/admin/view/index/staffadd.html [ array (
) ]
[ info ] [ LOG ] INIT File

---------------------------------------------------------------
[ 2017-03-15T16:39:29+08:00 ] 127.0.0.1 127.0.0.1 GET /admin/index/staff
[ log ] localhost/admin/index/staff [运行时间：0.007604s][吞吐率：131.51req/s] [内存消耗：252.46kb] [文件加载：48]
[ info ] [ LANG ] /home/lion/Web/thinkphp/lang/zh-cn.php
[ info ] [ ROUTE ] array (
  'type' => 'module',
  'module' => 
  array (
    0 => 'admin',
    1 => 'index',
    2 => 'staff',
  ),
)
[ info ] [ HEADER ] array (
  'host' => 'localhost',
  'connection' => 'keep-alive',
  'upgrade-insecure-requests' => '1',
  'user-agent' => 'Mozilla/5.0 (X11; Linux x86_64) AppleWebKit/537.36 (KHTML, like Gecko) Chrome/55.0.2883.87 Safari/537.36',
  'accept' => 'text/html,application/xhtml+xml,application/xml;q=0.9,image/webp,*/*;q=0.8',
  'referer' => 'http://localhost/admin/index/index',
  'accept-encoding' => 'gzip, deflate, sdch, br',
  'accept-language' => 'zh-CN,zh;q=0.8',
  'cookie' => 'thinkphp_show_page_trace=0|0',
)
[ info ] [ PARAM ] array (
)
[ info ] [ RUN ] app\admin\controller\Index->staff[ /home/lion/Web/application/admin/controller/Index.php ]
[ info ] [ VIEW ] /home/lion/Web/html/../application/admin/view/index/staff.html [ array (
) ]
[ info ] [ LOG ] INIT File

---------------------------------------------------------------
[ 2017-03-15T16:39:30+08:00 ] 127.0.0.1 127.0.0.1 GET /admin/index/getDepart
[ log ] localhost/admin/index/getDepart [运行时间：0.005220s][吞吐率：191.57req/s] [内存消耗：414.03kb] [文件加载：55]
[ info ] [ LANG ] /home/lion/Web/thinkphp/lang/zh-cn.php
[ info ] [ ROUTE ] array (
  'type' => 'module',
  'module' => 
  array (
    0 => 'admin',
    1 => 'index',
    2 => 'getDepart',
  ),
)
[ info ] [ HEADER ] array (
  'host' => 'localhost',
  'connection' => 'keep-alive',
  'accept' => 'application/json, text/javascript, */*; q=0.01',
  'x-requested-with' => 'XMLHttpRequest',
  'user-agent' => 'Mozilla/5.0 (X11; Linux x86_64) AppleWebKit/537.36 (KHTML, like Gecko) Chrome/55.0.2883.87 Safari/537.36',
  'referer' => 'http://localhost/admin/index/staff',
  'accept-encoding' => 'gzip, deflate, sdch, br',
  'accept-language' => 'zh-CN,zh;q=0.8',
  'cookie' => 'thinkphp_show_page_trace=0|0',
)
[ info ] [ PARAM ] array (
)
[ info ] [ RUN ] app\admin\controller\Index->getDepart[ /home/lion/Web/application/admin/controller/Index.php ]
[ info ] [ DB ] INIT mysql
[ info ] [ LOG ] INIT File
[ sql ] [ DB ] CONNECT:[ UseTime:0.000981s ] mysql:dbname=alcms;host=127.0.0.1;charset=utf8
[ sql ] [ SQL ] SHOW COLUMNS FROM `al_depart` [ RunTime:0.000934s ]
[ sql ] [ SQL ] SELECT `id`,`name`,`pid`,`level` FROM `al_depart` [ RunTime:0.000525s ]

---------------------------------------------------------------
[ 2017-03-15T16:39:32+08:00 ] 127.0.0.1 127.0.0.1 GET /admin/index/branch
[ log ] localhost/admin/index/branch [运行时间：0.002058s][吞吐率：485.90req/s] [内存消耗：252.46kb] [文件加载：48]
[ info ] [ LANG ] /home/lion/Web/thinkphp/lang/zh-cn.php
[ info ] [ ROUTE ] array (
  'type' => 'module',
  'module' => 
  array (
    0 => 'admin',
    1 => 'index',
    2 => 'branch',
  ),
)
[ info ] [ HEADER ] array (
  'host' => 'localhost',
  'connection' => 'keep-alive',
  'upgrade-insecure-requests' => '1',
  'user-agent' => 'Mozilla/5.0 (X11; Linux x86_64) AppleWebKit/537.36 (KHTML, like Gecko) Chrome/55.0.2883.87 Safari/537.36',
  'accept' => 'text/html,application/xhtml+xml,application/xml;q=0.9,image/webp,*/*;q=0.8',
  'referer' => 'http://localhost/admin/index/index',
  'accept-encoding' => 'gzip, deflate, sdch, br',
  'accept-language' => 'zh-CN,zh;q=0.8',
  'cookie' => 'thinkphp_show_page_trace=0|0',
)
[ info ] [ PARAM ] array (
)
[ info ] [ RUN ] app\admin\controller\Index->branch[ /home/lion/Web/application/admin/controller/Index.php ]
[ info ] [ VIEW ] /home/lion/Web/html/../application/admin/view/index/branch.html [ array (
) ]
[ info ] [ LOG ] INIT File

---------------------------------------------------------------
[ 2017-03-15T16:39:33+08:00 ] 127.0.0.1 127.0.0.1 GET /admin/index/getDepart
[ log ] localhost/admin/index/getDepart [运行时间：0.005759s][吞吐率：173.64req/s] [内存消耗：414.03kb] [文件加载：55]
[ info ] [ LANG ] /home/lion/Web/thinkphp/lang/zh-cn.php
[ info ] [ ROUTE ] array (
  'type' => 'module',
  'module' => 
  array (
    0 => 'admin',
    1 => 'index',
    2 => 'getDepart',
  ),
)
[ info ] [ HEADER ] array (
  'host' => 'localhost',
  'connection' => 'keep-alive',
  'accept' => 'application/json, text/javascript, */*; q=0.01',
  'x-requested-with' => 'XMLHttpRequest',
  'user-agent' => 'Mozilla/5.0 (X11; Linux x86_64) AppleWebKit/537.36 (KHTML, like Gecko) Chrome/55.0.2883.87 Safari/537.36',
  'referer' => 'http://localhost/admin/index/branch',
  'accept-encoding' => 'gzip, deflate, sdch, br',
  'accept-language' => 'zh-CN,zh;q=0.8',
  'cookie' => 'thinkphp_show_page_trace=0|0',
)
[ info ] [ PARAM ] array (
)
[ info ] [ RUN ] app\admin\controller\Index->getDepart[ /home/lion/Web/application/admin/controller/Index.php ]
[ info ] [ DB ] INIT mysql
[ info ] [ LOG ] INIT File
[ sql ] [ DB ] CONNECT:[ UseTime:0.000670s ] mysql:dbname=alcms;host=127.0.0.1;charset=utf8
[ sql ] [ SQL ] SHOW COLUMNS FROM `al_depart` [ RunTime:0.001098s ]
[ sql ] [ SQL ] SELECT `id`,`name`,`pid`,`level` FROM `al_depart` [ RunTime:0.000528s ]

---------------------------------------------------------------
