[ 2017-03-18T09:59:18+08:00 ] ::1 ::1 GET /
[ log ] localhost/ [运行时间：0.170077s][吞吐率：5.88req/s] [内存消耗：371.50kb] [文件加载：46]
[ info ] [ LANG ] /home/lion/Web/thinkphp/lang/zh-cn.php
[ info ] [ ROUTE ] array (
  'type' => 'module',
  'module' => 
  array (
    0 => '',
    1 => NULL,
    2 => NULL,
  ),
)
[ info ] [ HEADER ] array (
  'host' => 'localhost',
  'connection' => 'keep-alive',
  'cache-control' => 'max-age=0',
  'upgrade-insecure-requests' => '1',
  'user-agent' => 'Mozilla/5.0 (X11; Linux x86_64) AppleWebKit/537.36 (KHTML, like Gecko) Chrome/57.0.2987.98 Safari/537.36',
  'accept' => 'text/html,application/xhtml+xml,application/xml;q=0.9,image/webp,*/*;q=0.8',
  'accept-encoding' => 'gzip, deflate, sdch, br',
  'accept-language' => 'zh-CN,zh;q=0.8',
)
[ info ] [ PARAM ] array (
)
[ info ] [ SESSION ] INIT array (
  'id' => '',
  'var_session_id' => '',
  'prefix' => 'think',
  'type' => '',
  'auto_start' => true,
)
[ info ] [ LOG ] INIT File

---------------------------------------------------------------
[ 2017-03-18T09:59:19+08:00 ] ::1 ::1 GET /index/common/login
[ log ] localhost/index/common/login [运行时间：0.405989s][吞吐率：2.46req/s] [内存消耗：244.34kb] [文件加载：47]
[ info ] [ LANG ] /home/lion/Web/thinkphp/lang/zh-cn.php
[ info ] [ ROUTE ] array (
  'type' => 'module',
  'module' => 
  array (
    0 => 'index',
    1 => 'common',
    2 => 'login',
  ),
)
[ info ] [ HEADER ] array (
  'host' => 'localhost',
  'connection' => 'keep-alive',
  'cache-control' => 'max-age=0',
  'upgrade-insecure-requests' => '1',
  'user-agent' => 'Mozilla/5.0 (X11; Linux x86_64) AppleWebKit/537.36 (KHTML, like Gecko) Chrome/57.0.2987.98 Safari/537.36',
  'accept' => 'text/html,application/xhtml+xml,application/xml;q=0.9,image/webp,*/*;q=0.8',
  'accept-encoding' => 'gzip, deflate, sdch, br',
  'accept-language' => 'zh-CN,zh;q=0.8',
  'cookie' => 'PHPSESSID=u6ro88tijtbtmmks3p5q6vruh4',
)
[ info ] [ PARAM ] array (
)
[ info ] [ RUN ] app\index\controller\Common->login[ /home/lion/Web/application/index/controller/Common.php ]
[ info ] [ CACHE ] INIT File
[ info ] [ SESSION ] INIT array (
  'id' => '',
  'var_session_id' => '',
  'prefix' => 'think',
  'type' => '',
  'auto_start' => true,
)
[ info ] [ VIEW ] /home/lion/Web/html/../application/index/view/common/login.html [ array (
  0 => 'ddjs',
) ]
[ info ] [ LOG ] INIT File

---------------------------------------------------------------
[ 2017-03-18T09:59:53+08:00 ] 127.0.0.1 127.0.0.1 GET /wpad.dat
[ log ] wpad/wpad.dat [运行时间：0.107390s][吞吐率：9.31req/s] [内存消耗：205.95kb] [文件加载：35]
[ info ] [ LANG ] /home/lion/Web/thinkphp/lang/zh-cn.php
[ info ] [ ROUTE ] array (
  'type' => 'module',
  'module' => 
  array (
    0 => 'wpad',
    1 => NULL,
    2 => NULL,
  ),
)
[ info ] [ HEADER ] array (
  'host' => 'wpad',
  'connection' => 'keep-alive',
  'user-agent' => '',
  'accept-encoding' => 'gzip,deflate',
  'accept-language' => 'en-us,en',
)
[ info ] [ PARAM ] array (
)
[ info ] [ LOG ] INIT File

---------------------------------------------------------------
[ 2017-03-18T09:59:58+08:00 ] 127.0.0.1 127.0.0.1 GET /cgi/reccom?id=53885C3F306FA6C2050178CDDBA564959F6542BCAC42B0C3F578100944B79DEB
[ log ] tj.b.qq.com/cgi/reccom?id=53885C3F306FA6C2050178CDDBA564959F6542BCAC42B0C3F578100944B79DEB [运行时间：0.005781s][吞吐率：172.98req/s] [内存消耗：141.41kb] [文件加载：35]
[ info ] [ LANG ] /home/lion/Web/thinkphp/lang/zh-cn.php
[ info ] [ ROUTE ] array (
  'type' => 'module',
  'module' => 
  array (
    0 => 'cgi',
    1 => 'reccom',
    2 => NULL,
  ),
)
[ info ] [ HEADER ] array (
  'accept' => '*/*',
  'user-agent' => 'Mozilla/4.0 (compatible; MSIE 6.0; Windows NT 5.1)',
  'host' => 'tj.b.qq.com',
  'pragma' => 'no-cache',
)
[ info ] [ PARAM ] array (
  'id' => '53885C3F306FA6C2050178CDDBA564959F6542BCAC42B0C3F578100944B79DEB',
)
[ info ] [ LOG ] INIT File

---------------------------------------------------------------
[ 2017-03-18T10:00:05+08:00 ] 127.0.0.1 127.0.0.1 GET /search.xml
[ log ] tj.b.qq.com/search.xml [运行时间：0.007052s][吞吐率：141.80req/s] [内存消耗：140.61kb] [文件加载：35]
[ info ] [ LANG ] /home/lion/Web/thinkphp/lang/zh-cn.php
[ info ] [ ROUTE ] array (
  'type' => 'module',
  'module' => 
  array (
    0 => 'search',
    1 => NULL,
    2 => NULL,
  ),
)
[ info ] [ HEADER ] array (
  'accept' => '*/*',
  'user-agent' => 'Mozilla/4.0 (compatible; MSIE 6.0; Windows NT 5.1)',
  'host' => 'tj.b.qq.com',
  'pragma' => 'no-cache',
)
[ info ] [ PARAM ] array (
)
[ info ] [ LOG ] INIT File

---------------------------------------------------------------
[ 2017-03-18T10:00:11+08:00 ] 127.0.0.1 127.0.0.1 GET /wpad.dat
[ log ] wpad/wpad.dat [运行时间：0.006698s][吞吐率：149.30req/s] [内存消耗：140.68kb] [文件加载：35]
[ info ] [ LANG ] /home/lion/Web/thinkphp/lang/zh-cn.php
[ info ] [ ROUTE ] array (
  'type' => 'module',
  'module' => 
  array (
    0 => 'wpad',
    1 => NULL,
    2 => NULL,
  ),
)
[ info ] [ HEADER ] array (
  'host' => 'wpad',
  'connection' => 'keep-alive',
  'user-agent' => '',
  'accept-encoding' => 'gzip,deflate',
  'accept-language' => 'en-us,en',
)
[ info ] [ PARAM ] array (
)
[ info ] [ LOG ] INIT File

---------------------------------------------------------------
[ 2017-03-18T10:00:19+08:00 ] 127.0.0.1 127.0.0.1 GET /wpad.dat
[ log ] wpad/wpad.dat [运行时间：0.005820s][吞吐率：171.83req/s] [内存消耗：140.68kb] [文件加载：35]
[ info ] [ LANG ] /home/lion/Web/thinkphp/lang/zh-cn.php
[ info ] [ ROUTE ] array (
  'type' => 'module',
  'module' => 
  array (
    0 => 'wpad',
    1 => NULL,
    2 => NULL,
  ),
)
[ info ] [ HEADER ] array (
  'host' => 'wpad',
  'connection' => 'keep-alive',
  'user-agent' => '',
  'accept-encoding' => 'gzip,deflate',
  'accept-language' => 'en-us,en',
)
[ info ] [ PARAM ] array (
)
[ info ] [ LOG ] INIT File

---------------------------------------------------------------
[ 2017-03-18T10:00:42+08:00 ] ::1 ::1 GET /index/common/login
[ log ] localhost/index/common/login [运行时间：0.002956s][吞吐率：338.30req/s] [内存消耗：242.83kb] [文件加载：47]
[ info ] [ LANG ] /home/lion/Web/thinkphp/lang/zh-cn.php
[ info ] [ ROUTE ] array (
  'type' => 'module',
  'module' => 
  array (
    0 => 'index',
    1 => 'common',
    2 => 'login',
  ),
)
[ info ] [ HEADER ] array (
  'host' => 'localhost',
  'connection' => 'keep-alive',
  'cache-control' => 'max-age=0',
  'upgrade-insecure-requests' => '1',
  'user-agent' => 'Mozilla/5.0 (X11; Linux x86_64) AppleWebKit/537.36 (KHTML, like Gecko) Chrome/57.0.2987.98 Safari/537.36',
  'accept' => 'text/html,application/xhtml+xml,application/xml;q=0.9,image/webp,*/*;q=0.8',
  'accept-encoding' => 'gzip, deflate, sdch, br',
  'accept-language' => 'zh-CN,zh;q=0.8',
  'cookie' => 'PHPSESSID=u6ro88tijtbtmmks3p5q6vruh4',
)
[ info ] [ PARAM ] array (
)
[ info ] [ RUN ] app\index\controller\Common->login[ /home/lion/Web/application/index/controller/Common.php ]
[ info ] [ CACHE ] INIT File
[ info ] [ SESSION ] INIT array (
  'id' => '',
  'var_session_id' => '',
  'prefix' => 'think',
  'type' => '',
  'auto_start' => true,
)
[ info ] [ VIEW ] /home/lion/Web/html/../application/index/view/common/login.html [ array (
  0 => 'ddjs',
) ]
[ info ] [ LOG ] INIT File

---------------------------------------------------------------
[ 2017-03-18T10:01:21+08:00 ] ::1 ::1 GET /admin
[ log ] localhost/admin [运行时间：0.147404s][吞吐率：6.78req/s] [内存消耗：234.00kb] [文件加载：44]
[ info ] [ LANG ] /home/lion/Web/thinkphp/lang/zh-cn.php
[ info ] [ ROUTE ] array (
  'type' => 'module',
  'module' => 
  array (
    0 => 'admin',
    1 => NULL,
    2 => NULL,
  ),
)
[ info ] [ HEADER ] array (
  'host' => 'localhost',
  'connection' => 'keep-alive',
  'upgrade-insecure-requests' => '1',
  'user-agent' => 'Mozilla/5.0 (X11; Linux x86_64) AppleWebKit/537.36 (KHTML, like Gecko) Chrome/57.0.2987.98 Safari/537.36',
  'accept' => 'text/html,application/xhtml+xml,application/xml;q=0.9,image/webp,*/*;q=0.8',
  'accept-encoding' => 'gzip, deflate, sdch, br',
  'accept-language' => 'zh-CN,zh;q=0.8',
  'cookie' => 'PHPSESSID=u6ro88tijtbtmmks3p5q6vruh4',
)
[ info ] [ PARAM ] array (
)
[ info ] [ RUN ] app\admin\controller\Index->index[ /home/lion/Web/application/admin/controller/Index.php ]
[ info ] [ VIEW ] /home/lion/Web/html/../application/admin/view/index/index.html [ array (
) ]
[ info ] [ LOG ] INIT File

---------------------------------------------------------------
[ 2017-03-18T10:01:23+08:00 ] ::1 ::1 GET /admin/index/staff
[ log ] localhost/admin/index/staff [运行时间：0.018283s][吞吐率：54.70req/s] [内存消耗：232.95kb] [文件加载：43]
[ info ] [ LANG ] /home/lion/Web/thinkphp/lang/zh-cn.php
[ info ] [ ROUTE ] array (
  'type' => 'module',
  'module' => 
  array (
    0 => 'admin',
    1 => 'index',
    2 => 'staff',
  ),
)
[ info ] [ HEADER ] array (
  'host' => 'localhost',
  'connection' => 'keep-alive',
  'upgrade-insecure-requests' => '1',
  'user-agent' => 'Mozilla/5.0 (X11; Linux x86_64) AppleWebKit/537.36 (KHTML, like Gecko) Chrome/57.0.2987.98 Safari/537.36',
  'accept' => 'text/html,application/xhtml+xml,application/xml;q=0.9,image/webp,*/*;q=0.8',
  'referer' => 'http://localhost/admin',
  'accept-encoding' => 'gzip, deflate, sdch, br',
  'accept-language' => 'zh-CN,zh;q=0.8',
  'cookie' => 'PHPSESSID=u6ro88tijtbtmmks3p5q6vruh4',
)
[ info ] [ PARAM ] array (
)
[ info ] [ RUN ] app\admin\controller\Index->staff[ /home/lion/Web/application/admin/controller/Index.php ]
[ info ] [ VIEW ] /home/lion/Web/html/../application/admin/view/index/staff.html [ array (
) ]
[ info ] [ LOG ] INIT File

---------------------------------------------------------------
[ 2017-03-18T10:01:24+08:00 ] ::1 ::1 GET /admin/index/getDepart
[ log ] localhost/admin/index/getDepart [运行时间：0.150658s][吞吐率：6.64req/s] [内存消耗：479.70kb] [文件加载：54]
[ info ] [ LANG ] /home/lion/Web/thinkphp/lang/zh-cn.php
[ info ] [ ROUTE ] array (
  'type' => 'module',
  'module' => 
  array (
    0 => 'admin',
    1 => 'index',
    2 => 'getDepart',
  ),
)
[ info ] [ HEADER ] array (
  'host' => 'localhost',
  'connection' => 'keep-alive',
  'accept' => 'application/json, text/javascript, */*; q=0.01',
  'x-requested-with' => 'XMLHttpRequest',
  'user-agent' => 'Mozilla/5.0 (X11; Linux x86_64) AppleWebKit/537.36 (KHTML, like Gecko) Chrome/57.0.2987.98 Safari/537.36',
  'referer' => 'http://localhost/admin/index/staff',
  'accept-encoding' => 'gzip, deflate, sdch, br',
  'accept-language' => 'zh-CN,zh;q=0.8',
  'cookie' => 'PHPSESSID=u6ro88tijtbtmmks3p5q6vruh4',
)
[ info ] [ PARAM ] array (
)
[ info ] [ RUN ] app\admin\controller\Index->getDepart[ /home/lion/Web/application/admin/controller/Index.php ]
[ info ] [ DB ] INIT mysql
[ info ] [ LOG ] INIT File
[ sql ] [ DB ] CONNECT:[ UseTime:0.037523s ] mysql:dbname=alcms;host=127.0.0.1;charset=utf8
[ sql ] [ SQL ] SHOW COLUMNS FROM `al_depart` [ RunTime:0.028760s ]
[ sql ] [ SQL ] SELECT `id`,`name`,`pid`,`level` FROM `al_depart` [ RunTime:0.013370s ]

---------------------------------------------------------------
[ 2017-03-18T10:01:26+08:00 ] ::1 ::1 GET /admin/index/staffInfoSync/did/1
[ log ] localhost/admin/index/staffInfoSync/did/1 [运行时间：0.053034s][吞吐率：18.86req/s] [内存消耗：498.36kb] [文件加载：55]
[ info ] [ LANG ] /home/lion/Web/thinkphp/lang/zh-cn.php
[ info ] [ ROUTE ] array (
  'type' => 'module',
  'module' => 
  array (
    0 => 'admin',
    1 => 'index',
    2 => 'staffInfoSync',
  ),
)
[ info ] [ HEADER ] array (
  'host' => 'localhost',
  'connection' => 'keep-alive',
  'accept' => 'application/json, text/javascript, */*; q=0.01',
  'x-requested-with' => 'XMLHttpRequest',
  'user-agent' => 'Mozilla/5.0 (X11; Linux x86_64) AppleWebKit/537.36 (KHTML, like Gecko) Chrome/57.0.2987.98 Safari/537.36',
  'referer' => 'http://localhost/admin/index/staff',
  'accept-encoding' => 'gzip, deflate, sdch, br',
  'accept-language' => 'zh-CN,zh;q=0.8',
  'cookie' => 'PHPSESSID=u6ro88tijtbtmmks3p5q6vruh4',
)
[ info ] [ PARAM ] array (
  'did' => '1',
)
[ info ] [ RUN ] app\admin\controller\Index->staffInfoSync[ /home/lion/Web/application/admin/controller/Index.php ]
[ info ] [ DB ] INIT mysql
[ info ] [ LOG ] INIT File
[ sql ] [ DB ] CONNECT:[ UseTime:0.000710s ] mysql:dbname=alcms;host=127.0.0.1;charset=utf8
[ sql ] [ SQL ] SHOW COLUMNS FROM `al_depart` [ RunTime:0.001029s ]
[ sql ] [ SQL ] SELECT * FROM `al_depart` [ RunTime:0.000352s ]
[ sql ] [ SQL ] SHOW COLUMNS FROM `al_staff` [ RunTime:0.028558s ]
[ sql ] [ SQL ] SELECT * FROM `al_staff` `A` INNER JOIN `al_depart_staff` `B` ON `A`.`id`=`B`.`sid` WHERE  `B`.`did` = '1' [ RunTime:0.012721s ]

---------------------------------------------------------------
[ 2017-03-18T10:01:43+08:00 ] ::1 ::1 GET /admin/index/branch
[ log ] localhost/admin/index/branch [运行时间：0.017961s][吞吐率：55.68req/s] [内存消耗：232.95kb] [文件加载：43]
[ info ] [ LANG ] /home/lion/Web/thinkphp/lang/zh-cn.php
[ info ] [ ROUTE ] array (
  'type' => 'module',
  'module' => 
  array (
    0 => 'admin',
    1 => 'index',
    2 => 'branch',
  ),
)
[ info ] [ HEADER ] array (
  'host' => 'localhost',
  'connection' => 'keep-alive',
  'upgrade-insecure-requests' => '1',
  'user-agent' => 'Mozilla/5.0 (X11; Linux x86_64) AppleWebKit/537.36 (KHTML, like Gecko) Chrome/57.0.2987.98 Safari/537.36',
  'accept' => 'text/html,application/xhtml+xml,application/xml;q=0.9,image/webp,*/*;q=0.8',
  'referer' => 'http://localhost/admin',
  'accept-encoding' => 'gzip, deflate, sdch, br',
  'accept-language' => 'zh-CN,zh;q=0.8',
  'cookie' => 'PHPSESSID=u6ro88tijtbtmmks3p5q6vruh4',
)
[ info ] [ PARAM ] array (
)
[ info ] [ RUN ] app\admin\controller\Index->branch[ /home/lion/Web/application/admin/controller/Index.php ]
[ info ] [ VIEW ] /home/lion/Web/html/../application/admin/view/index/branch.html [ array (
) ]
[ info ] [ LOG ] INIT File

---------------------------------------------------------------
[ 2017-03-18T10:01:43+08:00 ] ::1 ::1 GET /admin/index/getDepart
[ log ] localhost/admin/index/getDepart [运行时间：0.006050s][吞吐率：165.29req/s] [内存消耗：413.40kb] [文件加载：54]
[ info ] [ LANG ] /home/lion/Web/thinkphp/lang/zh-cn.php
[ info ] [ ROUTE ] array (
  'type' => 'module',
  'module' => 
  array (
    0 => 'admin',
    1 => 'index',
    2 => 'getDepart',
  ),
)
[ info ] [ HEADER ] array (
  'host' => 'localhost',
  'connection' => 'keep-alive',
  'accept' => 'application/json, text/javascript, */*; q=0.01',
  'x-requested-with' => 'XMLHttpRequest',
  'user-agent' => 'Mozilla/5.0 (X11; Linux x86_64) AppleWebKit/537.36 (KHTML, like Gecko) Chrome/57.0.2987.98 Safari/537.36',
  'referer' => 'http://localhost/admin/index/branch',
  'accept-encoding' => 'gzip, deflate, sdch, br',
  'accept-language' => 'zh-CN,zh;q=0.8',
  'cookie' => 'PHPSESSID=u6ro88tijtbtmmks3p5q6vruh4',
)
[ info ] [ PARAM ] array (
)
[ info ] [ RUN ] app\admin\controller\Index->getDepart[ /home/lion/Web/application/admin/controller/Index.php ]
[ info ] [ DB ] INIT mysql
[ info ] [ LOG ] INIT File
[ sql ] [ DB ] CONNECT:[ UseTime:0.001923s ] mysql:dbname=alcms;host=127.0.0.1;charset=utf8
[ sql ] [ SQL ] SHOW COLUMNS FROM `al_depart` [ RunTime:0.000943s ]
[ sql ] [ SQL ] SELECT `id`,`name`,`pid`,`level` FROM `al_depart` [ RunTime:0.000336s ]

---------------------------------------------------------------
[ 2017-03-18T10:01:59+08:00 ] ::1 ::1 GET /index/coupon/coupon
[ log ] localhost/index/coupon/coupon [运行时间：0.020070s][吞吐率：49.83req/s] [内存消耗：239.87kb] [文件加载：46]
[ info ] [ LANG ] /home/lion/Web/thinkphp/lang/zh-cn.php
[ info ] [ ROUTE ] array (
  'type' => 'module',
  'module' => 
  array (
    0 => 'index',
    1 => 'coupon',
    2 => 'coupon',
  ),
)
[ info ] [ HEADER ] array (
  'host' => 'localhost',
  'connection' => 'keep-alive',
  'upgrade-insecure-requests' => '1',
  'user-agent' => 'Mozilla/5.0 (X11; Linux x86_64) AppleWebKit/537.36 (KHTML, like Gecko) Chrome/57.0.2987.98 Safari/537.36',
  'accept' => 'text/html,application/xhtml+xml,application/xml;q=0.9,image/webp,*/*;q=0.8',
  'referer' => 'http://localhost/admin',
  'accept-encoding' => 'gzip, deflate, sdch, br',
  'accept-language' => 'zh-CN,zh;q=0.8',
  'cookie' => 'PHPSESSID=u6ro88tijtbtmmks3p5q6vruh4',
)
[ info ] [ PARAM ] array (
)
[ info ] [ SESSION ] INIT array (
  'id' => '',
  'var_session_id' => '',
  'prefix' => 'think',
  'type' => '',
  'auto_start' => true,
)
[ info ] [ LOG ] INIT File

---------------------------------------------------------------
[ 2017-03-18T10:01:59+08:00 ] ::1 ::1 GET /index/common/login
[ log ] localhost/index/common/login [运行时间：0.001596s][吞吐率：626.48req/s] [内存消耗：242.83kb] [文件加载：47]
[ info ] [ LANG ] /home/lion/Web/thinkphp/lang/zh-cn.php
[ info ] [ ROUTE ] array (
  'type' => 'module',
  'module' => 
  array (
    0 => 'index',
    1 => 'common',
    2 => 'login',
  ),
)
[ info ] [ HEADER ] array (
  'host' => 'localhost',
  'connection' => 'keep-alive',
  'upgrade-insecure-requests' => '1',
  'user-agent' => 'Mozilla/5.0 (X11; Linux x86_64) AppleWebKit/537.36 (KHTML, like Gecko) Chrome/57.0.2987.98 Safari/537.36',
  'accept' => 'text/html,application/xhtml+xml,application/xml;q=0.9,image/webp,*/*;q=0.8',
  'referer' => 'http://localhost/admin',
  'accept-encoding' => 'gzip, deflate, sdch, br',
  'accept-language' => 'zh-CN,zh;q=0.8',
  'cookie' => 'PHPSESSID=u6ro88tijtbtmmks3p5q6vruh4',
)
[ info ] [ PARAM ] array (
)
[ info ] [ RUN ] app\index\controller\Common->login[ /home/lion/Web/application/index/controller/Common.php ]
[ info ] [ CACHE ] INIT File
[ info ] [ SESSION ] INIT array (
  'id' => '',
  'var_session_id' => '',
  'prefix' => 'think',
  'type' => '',
  'auto_start' => true,
)
[ info ] [ VIEW ] /home/lion/Web/html/../application/index/view/common/login.html [ array (
  0 => 'ddjs',
) ]
[ info ] [ LOG ] INIT File

---------------------------------------------------------------
[ 2017-03-18T10:04:29+08:00 ] ::1 ::1 GET /admin/index/branch
[ log ] localhost/admin/index/branch [运行时间：0.001842s][吞吐率：542.88req/s] [内存消耗：232.55kb] [文件加载：43]
[ info ] [ LANG ] /home/lion/Web/thinkphp/lang/zh-cn.php
[ info ] [ ROUTE ] array (
  'type' => 'module',
  'module' => 
  array (
    0 => 'admin',
    1 => 'index',
    2 => 'branch',
  ),
)
[ info ] [ HEADER ] array (
  'host' => 'localhost',
  'connection' => 'keep-alive',
  'upgrade-insecure-requests' => '1',
  'user-agent' => 'Mozilla/5.0 (X11; Linux x86_64) AppleWebKit/537.36 (KHTML, like Gecko) Chrome/57.0.2987.98 Safari/537.36',
  'accept' => 'text/html,application/xhtml+xml,application/xml;q=0.9,image/webp,*/*;q=0.8',
  'referer' => 'http://localhost/admin',
  'accept-encoding' => 'gzip, deflate, sdch, br',
  'accept-language' => 'zh-CN,zh;q=0.8',
  'cookie' => 'PHPSESSID=u6ro88tijtbtmmks3p5q6vruh4',
)
[ info ] [ PARAM ] array (
)
[ info ] [ RUN ] app\admin\controller\Index->branch[ /home/lion/Web/application/admin/controller/Index.php ]
[ info ] [ VIEW ] /home/lion/Web/html/../application/admin/view/index/branch.html [ array (
) ]
[ info ] [ LOG ] INIT File

---------------------------------------------------------------
[ 2017-03-18T10:04:29+08:00 ] ::1 ::1 GET /admin/index/getDepart
[ log ] localhost/admin/index/getDepart [运行时间：0.004009s][吞吐率：249.44req/s] [内存消耗：413.40kb] [文件加载：54]
[ info ] [ LANG ] /home/lion/Web/thinkphp/lang/zh-cn.php
[ info ] [ ROUTE ] array (
  'type' => 'module',
  'module' => 
  array (
    0 => 'admin',
    1 => 'index',
    2 => 'getDepart',
  ),
)
[ info ] [ HEADER ] array (
  'host' => 'localhost',
  'connection' => 'keep-alive',
  'accept' => 'application/json, text/javascript, */*; q=0.01',
  'x-requested-with' => 'XMLHttpRequest',
  'user-agent' => 'Mozilla/5.0 (X11; Linux x86_64) AppleWebKit/537.36 (KHTML, like Gecko) Chrome/57.0.2987.98 Safari/537.36',
  'referer' => 'http://localhost/admin/index/branch',
  'accept-encoding' => 'gzip, deflate, sdch, br',
  'accept-language' => 'zh-CN,zh;q=0.8',
  'cookie' => 'PHPSESSID=u6ro88tijtbtmmks3p5q6vruh4',
)
[ info ] [ PARAM ] array (
)
[ info ] [ RUN ] app\admin\controller\Index->getDepart[ /home/lion/Web/application/admin/controller/Index.php ]
[ info ] [ DB ] INIT mysql
[ info ] [ LOG ] INIT File
[ sql ] [ DB ] CONNECT:[ UseTime:0.000471s ] mysql:dbname=alcms;host=127.0.0.1;charset=utf8
[ sql ] [ SQL ] SHOW COLUMNS FROM `al_depart` [ RunTime:0.000743s ]
[ sql ] [ SQL ] SELECT `id`,`name`,`pid`,`level` FROM `al_depart` [ RunTime:0.000296s ]

---------------------------------------------------------------
[ 2017-03-18T10:04:30+08:00 ] ::1 ::1 GET /admin/index/staff
[ log ] localhost/admin/index/staff [运行时间：0.001472s][吞吐率：679.35req/s] [内存消耗：232.55kb] [文件加载：43]
[ info ] [ LANG ] /home/lion/Web/thinkphp/lang/zh-cn.php
[ info ] [ ROUTE ] array (
  'type' => 'module',
  'module' => 
  array (
    0 => 'admin',
    1 => 'index',
    2 => 'staff',
  ),
)
[ info ] [ HEADER ] array (
  'host' => 'localhost',
  'connection' => 'keep-alive',
  'upgrade-insecure-requests' => '1',
  'user-agent' => 'Mozilla/5.0 (X11; Linux x86_64) AppleWebKit/537.36 (KHTML, like Gecko) Chrome/57.0.2987.98 Safari/537.36',
  'accept' => 'text/html,application/xhtml+xml,application/xml;q=0.9,image/webp,*/*;q=0.8',
  'referer' => 'http://localhost/admin',
  'accept-encoding' => 'gzip, deflate, sdch, br',
  'accept-language' => 'zh-CN,zh;q=0.8',
  'cookie' => 'PHPSESSID=u6ro88tijtbtmmks3p5q6vruh4',
)
[ info ] [ PARAM ] array (
)
[ info ] [ RUN ] app\admin\controller\Index->staff[ /home/lion/Web/application/admin/controller/Index.php ]
[ info ] [ VIEW ] /home/lion/Web/html/../application/admin/view/index/staff.html [ array (
) ]
[ info ] [ LOG ] INIT File

---------------------------------------------------------------
[ 2017-03-18T10:04:30+08:00 ] ::1 ::1 GET /admin/index/getDepart
[ log ] localhost/admin/index/getDepart [运行时间：0.003629s][吞吐率：275.56req/s] [内存消耗：413.40kb] [文件加载：54]
[ info ] [ LANG ] /home/lion/Web/thinkphp/lang/zh-cn.php
[ info ] [ ROUTE ] array (
  'type' => 'module',
  'module' => 
  array (
    0 => 'admin',
    1 => 'index',
    2 => 'getDepart',
  ),
)
[ info ] [ HEADER ] array (
  'host' => 'localhost',
  'connection' => 'keep-alive',
  'accept' => 'application/json, text/javascript, */*; q=0.01',
  'x-requested-with' => 'XMLHttpRequest',
  'user-agent' => 'Mozilla/5.0 (X11; Linux x86_64) AppleWebKit/537.36 (KHTML, like Gecko) Chrome/57.0.2987.98 Safari/537.36',
  'referer' => 'http://localhost/admin/index/staff',
  'accept-encoding' => 'gzip, deflate, sdch, br',
  'accept-language' => 'zh-CN,zh;q=0.8',
  'cookie' => 'PHPSESSID=u6ro88tijtbtmmks3p5q6vruh4',
)
[ info ] [ PARAM ] array (
)
[ info ] [ RUN ] app\admin\controller\Index->getDepart[ /home/lion/Web/application/admin/controller/Index.php ]
[ info ] [ DB ] INIT mysql
[ info ] [ LOG ] INIT File
[ sql ] [ DB ] CONNECT:[ UseTime:0.000421s ] mysql:dbname=alcms;host=127.0.0.1;charset=utf8
[ sql ] [ SQL ] SHOW COLUMNS FROM `al_depart` [ RunTime:0.000719s ]
[ sql ] [ SQL ] SELECT `id`,`name`,`pid`,`level` FROM `al_depart` [ RunTime:0.000259s ]

---------------------------------------------------------------
[ 2017-03-18T10:04:54+08:00 ] ::1 ::1 GET /admin
[ log ] localhost/admin [运行时间：0.001987s][吞吐率：503.28req/s] [内存消耗：233.11kb] [文件加载：44]
[ info ] [ LANG ] /home/lion/Web/thinkphp/lang/zh-cn.php
[ info ] [ ROUTE ] array (
  'type' => 'module',
  'module' => 
  array (
    0 => 'admin',
    1 => NULL,
    2 => NULL,
  ),
)
[ info ] [ HEADER ] array (
  'host' => 'localhost',
  'connection' => 'keep-alive',
  'cache-control' => 'max-age=0',
  'upgrade-insecure-requests' => '1',
  'user-agent' => 'Mozilla/5.0 (X11; Linux x86_64) AppleWebKit/537.36 (KHTML, like Gecko) Chrome/57.0.2987.98 Safari/537.36',
  'accept' => 'text/html,application/xhtml+xml,application/xml;q=0.9,image/webp,*/*;q=0.8',
  'accept-encoding' => 'gzip, deflate, sdch, br',
  'accept-language' => 'zh-CN,zh;q=0.8',
  'cookie' => 'PHPSESSID=u6ro88tijtbtmmks3p5q6vruh4',
)
[ info ] [ PARAM ] array (
)
[ info ] [ RUN ] app\admin\controller\Index->index[ /home/lion/Web/application/admin/controller/Index.php ]
[ info ] [ VIEW ] /home/lion/Web/html/../application/admin/view/index/index.html [ array (
) ]
[ info ] [ LOG ] INIT File

---------------------------------------------------------------
[ 2017-03-18T10:48:15+08:00 ] 127.0.0.1 127.0.0.1 GET /wpad.dat
[ log ] wpad/wpad.dat [运行时间：0.002163s][吞吐率：462.34req/s] [内存消耗：140.68kb] [文件加载：35]
[ info ] [ LANG ] /home/lion/Web/thinkphp/lang/zh-cn.php
[ info ] [ ROUTE ] array (
  'type' => 'module',
  'module' => 
  array (
    0 => 'wpad',
    1 => NULL,
    2 => NULL,
  ),
)
[ info ] [ HEADER ] array (
  'host' => 'wpad',
  'connection' => 'keep-alive',
  'user-agent' => '',
  'accept-encoding' => 'gzip,deflate',
  'accept-language' => 'en-us,en',
)
[ info ] [ PARAM ] array (
)
[ info ] [ LOG ] INIT File

---------------------------------------------------------------
[ 2017-03-18T10:48:23+08:00 ] 127.0.0.1 127.0.0.1 GET /wpad.dat
[ log ] wpad/wpad.dat [运行时间：0.006019s][吞吐率：166.14req/s] [内存消耗：140.68kb] [文件加载：35]
[ info ] [ LANG ] /home/lion/Web/thinkphp/lang/zh-cn.php
[ info ] [ ROUTE ] array (
  'type' => 'module',
  'module' => 
  array (
    0 => 'wpad',
    1 => NULL,
    2 => NULL,
  ),
)
[ info ] [ HEADER ] array (
  'host' => 'wpad',
  'connection' => 'keep-alive',
  'user-agent' => '',
  'accept-encoding' => 'gzip,deflate',
  'accept-language' => 'en-us,en',
)
[ info ] [ PARAM ] array (
)
[ info ] [ LOG ] INIT File

---------------------------------------------------------------
[ 2017-03-18T13:00:52+08:00 ] ::1 ::1 GET /
[ log ] localhost/ [运行时间：0.001585s][吞吐率：630.91req/s] [内存消耗：238.15kb] [文件加载：46]
[ info ] [ LANG ] /home/lion/Web/thinkphp/lang/zh-cn.php
[ info ] [ ROUTE ] array (
  'type' => 'module',
  'module' => 
  array (
    0 => '',
    1 => NULL,
    2 => NULL,
  ),
)
[ info ] [ HEADER ] array (
  'host' => 'localhost',
  'connection' => 'keep-alive',
  'upgrade-insecure-requests' => '1',
  'user-agent' => 'Mozilla/5.0 (X11; Linux x86_64) AppleWebKit/537.36 (KHTML, like Gecko) Chrome/57.0.2987.98 Safari/537.36',
  'accept' => 'text/html,application/xhtml+xml,application/xml;q=0.9,image/webp,*/*;q=0.8',
  'accept-encoding' => 'gzip, deflate, sdch, br',
  'accept-language' => 'zh-CN,zh;q=0.8',
  'cookie' => 'PHPSESSID=u6ro88tijtbtmmks3p5q6vruh4',
)
[ info ] [ PARAM ] array (
)
[ info ] [ SESSION ] INIT array (
  'id' => '',
  'var_session_id' => '',
  'prefix' => 'think',
  'type' => '',
  'auto_start' => true,
)
[ info ] [ LOG ] INIT File

---------------------------------------------------------------
[ 2017-03-18T13:00:53+08:00 ] ::1 ::1 GET /index/common/login
[ log ] localhost/index/common/login [运行时间：0.341835s][吞吐率：2.93req/s] [内存消耗：242.31kb] [文件加载：47]
[ info ] [ LANG ] /home/lion/Web/thinkphp/lang/zh-cn.php
[ info ] [ ROUTE ] array (
  'type' => 'module',
  'module' => 
  array (
    0 => 'index',
    1 => 'common',
    2 => 'login',
  ),
)
[ info ] [ HEADER ] array (
  'host' => 'localhost',
  'connection' => 'keep-alive',
  'upgrade-insecure-requests' => '1',
  'user-agent' => 'Mozilla/5.0 (X11; Linux x86_64) AppleWebKit/537.36 (KHTML, like Gecko) Chrome/57.0.2987.98 Safari/537.36',
  'accept' => 'text/html,application/xhtml+xml,application/xml;q=0.9,image/webp,*/*;q=0.8',
  'accept-encoding' => 'gzip, deflate, sdch, br',
  'accept-language' => 'zh-CN,zh;q=0.8',
  'cookie' => 'PHPSESSID=u6ro88tijtbtmmks3p5q6vruh4',
)
[ info ] [ PARAM ] array (
)
[ info ] [ RUN ] app\index\controller\Common->login[ /home/lion/Web/application/index/controller/Common.php ]
[ info ] [ CACHE ] INIT File
[ info ] [ SESSION ] INIT array (
  'id' => '',
  'var_session_id' => '',
  'prefix' => 'think',
  'type' => '',
  'auto_start' => true,
)
[ info ] [ VIEW ] /home/lion/Web/html/../application/index/view/common/login.html [ array (
  0 => 'ddjs',
) ]
[ info ] [ LOG ] INIT File

---------------------------------------------------------------
[ 2017-03-18T13:00:58+08:00 ] ::1 ::1 GET /admin/
[ log ] localhost/admin/ [运行时间：0.002397s][吞吐率：417.18req/s] [内存消耗：232.63kb] [文件加载：44]
[ info ] [ LANG ] /home/lion/Web/thinkphp/lang/zh-cn.php
[ info ] [ ROUTE ] array (
  'type' => 'module',
  'module' => 
  array (
    0 => 'admin',
    1 => NULL,
    2 => NULL,
  ),
)
[ info ] [ HEADER ] array (
  'host' => 'localhost',
  'connection' => 'keep-alive',
  'upgrade-insecure-requests' => '1',
  'user-agent' => 'Mozilla/5.0 (X11; Linux x86_64) AppleWebKit/537.36 (KHTML, like Gecko) Chrome/57.0.2987.98 Safari/537.36',
  'accept' => 'text/html,application/xhtml+xml,application/xml;q=0.9,image/webp,*/*;q=0.8',
  'accept-encoding' => 'gzip, deflate, sdch, br',
  'accept-language' => 'zh-CN,zh;q=0.8',
  'cookie' => 'PHPSESSID=u6ro88tijtbtmmks3p5q6vruh4',
)
[ info ] [ PARAM ] array (
)
[ info ] [ RUN ] app\admin\controller\Index->index[ /home/lion/Web/application/admin/controller/Index.php ]
[ info ] [ VIEW ] /home/lion/Web/html/../application/admin/view/index/index.html [ array (
) ]
[ info ] [ LOG ] INIT File

---------------------------------------------------------------
[ 2017-03-18T13:09:25+08:00 ] ::1 ::1 GET /admin/index/staff
[ log ] localhost/admin/index/staff [运行时间：0.001695s][吞吐率：590.00req/s] [内存消耗：232.55kb] [文件加载：43]
[ info ] [ LANG ] /home/lion/Web/thinkphp/lang/zh-cn.php
[ info ] [ ROUTE ] array (
  'type' => 'module',
  'module' => 
  array (
    0 => 'admin',
    1 => 'index',
    2 => 'staff',
  ),
)
[ info ] [ HEADER ] array (
  'host' => 'localhost',
  'connection' => 'keep-alive',
  'upgrade-insecure-requests' => '1',
  'user-agent' => 'Mozilla/5.0 (X11; Linux x86_64) AppleWebKit/537.36 (KHTML, like Gecko) Chrome/57.0.2987.98 Safari/537.36',
  'accept' => 'text/html,application/xhtml+xml,application/xml;q=0.9,image/webp,*/*;q=0.8',
  'referer' => 'http://localhost/admin/',
  'accept-encoding' => 'gzip, deflate, sdch, br',
  'accept-language' => 'zh-CN,zh;q=0.8',
  'cookie' => 'PHPSESSID=u6ro88tijtbtmmks3p5q6vruh4',
)
[ info ] [ PARAM ] array (
)
[ info ] [ RUN ] app\admin\controller\Index->staff[ /home/lion/Web/application/admin/controller/Index.php ]
[ info ] [ VIEW ] /home/lion/Web/html/../application/admin/view/index/staff.html [ array (
) ]
[ info ] [ LOG ] INIT File

---------------------------------------------------------------
[ 2017-03-18T13:09:25+08:00 ] ::1 ::1 GET /admin/index/getDepart
[ log ] localhost/admin/index/getDepart [运行时间：0.006879s][吞吐率：145.37req/s] [内存消耗：413.40kb] [文件加载：54]
[ info ] [ LANG ] /home/lion/Web/thinkphp/lang/zh-cn.php
[ info ] [ ROUTE ] array (
  'type' => 'module',
  'module' => 
  array (
    0 => 'admin',
    1 => 'index',
    2 => 'getDepart',
  ),
)
[ info ] [ HEADER ] array (
  'host' => 'localhost',
  'connection' => 'keep-alive',
  'accept' => 'application/json, text/javascript, */*; q=0.01',
  'x-requested-with' => 'XMLHttpRequest',
  'user-agent' => 'Mozilla/5.0 (X11; Linux x86_64) AppleWebKit/537.36 (KHTML, like Gecko) Chrome/57.0.2987.98 Safari/537.36',
  'referer' => 'http://localhost/admin/index/staff',
  'accept-encoding' => 'gzip, deflate, sdch, br',
  'accept-language' => 'zh-CN,zh;q=0.8',
  'cookie' => 'PHPSESSID=u6ro88tijtbtmmks3p5q6vruh4',
)
[ info ] [ PARAM ] array (
)
[ info ] [ RUN ] app\admin\controller\Index->getDepart[ /home/lion/Web/application/admin/controller/Index.php ]
[ info ] [ DB ] INIT mysql
[ info ] [ LOG ] INIT File
[ sql ] [ DB ] CONNECT:[ UseTime:0.001725s ] mysql:dbname=alcms;host=127.0.0.1;charset=utf8
[ sql ] [ SQL ] SHOW COLUMNS FROM `al_depart` [ RunTime:0.001314s ]
[ sql ] [ SQL ] SELECT `id`,`name`,`pid`,`level` FROM `al_depart` [ RunTime:0.000527s ]

---------------------------------------------------------------
[ 2017-03-18T13:09:29+08:00 ] ::1 ::1 GET /admin/index/staffInfoSync/did/2
[ log ] localhost/admin/index/staffInfoSync/did/2 [运行时间：0.029582s][吞吐率：33.80req/s] [内存消耗：434.91kb] [文件加载：55]
[ info ] [ LANG ] /home/lion/Web/thinkphp/lang/zh-cn.php
[ info ] [ ROUTE ] array (
  'type' => 'module',
  'module' => 
  array (
    0 => 'admin',
    1 => 'index',
    2 => 'staffInfoSync',
  ),
)
[ info ] [ HEADER ] array (
  'host' => 'localhost',
  'connection' => 'keep-alive',
  'accept' => 'application/json, text/javascript, */*; q=0.01',
  'x-requested-with' => 'XMLHttpRequest',
  'user-agent' => 'Mozilla/5.0 (X11; Linux x86_64) AppleWebKit/537.36 (KHTML, like Gecko) Chrome/57.0.2987.98 Safari/537.36',
  'referer' => 'http://localhost/admin/index/staff',
  'accept-encoding' => 'gzip, deflate, sdch, br',
  'accept-language' => 'zh-CN,zh;q=0.8',
  'cookie' => 'PHPSESSID=u6ro88tijtbtmmks3p5q6vruh4',
)
[ info ] [ PARAM ] array (
  'did' => '2',
)
[ info ] [ RUN ] app\admin\controller\Index->staffInfoSync[ /home/lion/Web/application/admin/controller/Index.php ]
[ info ] [ DB ] INIT mysql
[ info ] [ LOG ] INIT File
[ sql ] [ DB ] CONNECT:[ UseTime:0.000594s ] mysql:dbname=alcms;host=127.0.0.1;charset=utf8
[ sql ] [ SQL ] SHOW COLUMNS FROM `al_depart` [ RunTime:0.000790s ]
[ sql ] [ SQL ] SELECT * FROM `al_depart` [ RunTime:0.000224s ]
[ sql ] [ SQL ] SHOW COLUMNS FROM `al_staff` [ RunTime:0.000654s ]
[ sql ] [ SQL ] SELECT * FROM `al_staff` `A` INNER JOIN `al_depart_staff` `B` ON `A`.`id`=`B`.`sid` WHERE  `B`.`did` = '2' [ RunTime:0.023990s ]

---------------------------------------------------------------
[ 2017-03-18T13:14:38+08:00 ] ::1 ::1 GET /admin/index/branch
[ log ] localhost/admin/index/branch [运行时间：0.005089s][吞吐率：196.50req/s] [内存消耗：232.55kb] [文件加载：43]
[ info ] [ LANG ] /home/lion/Web/thinkphp/lang/zh-cn.php
[ info ] [ ROUTE ] array (
  'type' => 'module',
  'module' => 
  array (
    0 => 'admin',
    1 => 'index',
    2 => 'branch',
  ),
)
[ info ] [ HEADER ] array (
  'host' => 'localhost',
  'connection' => 'keep-alive',
  'upgrade-insecure-requests' => '1',
  'user-agent' => 'Mozilla/5.0 (X11; Linux x86_64) AppleWebKit/537.36 (KHTML, like Gecko) Chrome/57.0.2987.98 Safari/537.36',
  'accept' => 'text/html,application/xhtml+xml,application/xml;q=0.9,image/webp,*/*;q=0.8',
  'referer' => 'http://localhost/admin/',
  'accept-encoding' => 'gzip, deflate, sdch, br',
  'accept-language' => 'zh-CN,zh;q=0.8',
  'cookie' => 'PHPSESSID=u6ro88tijtbtmmks3p5q6vruh4',
)
[ info ] [ PARAM ] array (
)
[ info ] [ RUN ] app\admin\controller\Index->branch[ /home/lion/Web/application/admin/controller/Index.php ]
[ info ] [ VIEW ] /home/lion/Web/html/../application/admin/view/index/branch.html [ array (
) ]
[ info ] [ LOG ] INIT File

---------------------------------------------------------------
[ 2017-03-18T13:14:38+08:00 ] ::1 ::1 GET /admin/index/getDepart
[ log ] localhost/admin/index/getDepart [运行时间：0.005404s][吞吐率：185.05req/s] [内存消耗：413.40kb] [文件加载：54]
[ info ] [ LANG ] /home/lion/Web/thinkphp/lang/zh-cn.php
[ info ] [ ROUTE ] array (
  'type' => 'module',
  'module' => 
  array (
    0 => 'admin',
    1 => 'index',
    2 => 'getDepart',
  ),
)
[ info ] [ HEADER ] array (
  'host' => 'localhost',
  'connection' => 'keep-alive',
  'accept' => 'application/json, text/javascript, */*; q=0.01',
  'x-requested-with' => 'XMLHttpRequest',
  'user-agent' => 'Mozilla/5.0 (X11; Linux x86_64) AppleWebKit/537.36 (KHTML, like Gecko) Chrome/57.0.2987.98 Safari/537.36',
  'referer' => 'http://localhost/admin/index/branch',
  'accept-encoding' => 'gzip, deflate, sdch, br',
  'accept-language' => 'zh-CN,zh;q=0.8',
  'cookie' => 'PHPSESSID=u6ro88tijtbtmmks3p5q6vruh4',
)
[ info ] [ PARAM ] array (
)
[ info ] [ RUN ] app\admin\controller\Index->getDepart[ /home/lion/Web/application/admin/controller/Index.php ]
[ info ] [ DB ] INIT mysql
[ info ] [ LOG ] INIT File
[ sql ] [ DB ] CONNECT:[ UseTime:0.000586s ] mysql:dbname=alcms;host=127.0.0.1;charset=utf8
[ sql ] [ SQL ] SHOW COLUMNS FROM `al_depart` [ RunTime:0.001236s ]
[ sql ] [ SQL ] SELECT `id`,`name`,`pid`,`level` FROM `al_depart` [ RunTime:0.000426s ]

---------------------------------------------------------------
[ 2017-03-18T13:14:43+08:00 ] ::1 ::1 GET /index/coupon/coupon
[ log ] localhost/index/coupon/coupon [运行时间：0.001583s][吞吐率：631.67req/s] [内存消耗：238.79kb] [文件加载：46]
[ info ] [ LANG ] /home/lion/Web/thinkphp/lang/zh-cn.php
[ info ] [ ROUTE ] array (
  'type' => 'module',
  'module' => 
  array (
    0 => 'index',
    1 => 'coupon',
    2 => 'coupon',
  ),
)
[ info ] [ HEADER ] array (
  'host' => 'localhost',
  'connection' => 'keep-alive',
  'upgrade-insecure-requests' => '1',
  'user-agent' => 'Mozilla/5.0 (X11; Linux x86_64) AppleWebKit/537.36 (KHTML, like Gecko) Chrome/57.0.2987.98 Safari/537.36',
  'accept' => 'text/html,application/xhtml+xml,application/xml;q=0.9,image/webp,*/*;q=0.8',
  'referer' => 'http://localhost/admin/',
  'accept-encoding' => 'gzip, deflate, sdch, br',
  'accept-language' => 'zh-CN,zh;q=0.8',
  'cookie' => 'PHPSESSID=u6ro88tijtbtmmks3p5q6vruh4',
)
[ info ] [ PARAM ] array (
)
[ info ] [ SESSION ] INIT array (
  'id' => '',
  'var_session_id' => '',
  'prefix' => 'think',
  'type' => '',
  'auto_start' => true,
)
[ info ] [ LOG ] INIT File

---------------------------------------------------------------
[ 2017-03-18T13:14:43+08:00 ] ::1 ::1 GET /index/common/login
[ log ] localhost/index/common/login [运行时间：0.001914s][吞吐率：522.46req/s] [内存消耗：242.83kb] [文件加载：47]
[ info ] [ LANG ] /home/lion/Web/thinkphp/lang/zh-cn.php
[ info ] [ ROUTE ] array (
  'type' => 'module',
  'module' => 
  array (
    0 => 'index',
    1 => 'common',
    2 => 'login',
  ),
)
[ info ] [ HEADER ] array (
  'host' => 'localhost',
  'connection' => 'keep-alive',
  'upgrade-insecure-requests' => '1',
  'user-agent' => 'Mozilla/5.0 (X11; Linux x86_64) AppleWebKit/537.36 (KHTML, like Gecko) Chrome/57.0.2987.98 Safari/537.36',
  'accept' => 'text/html,application/xhtml+xml,application/xml;q=0.9,image/webp,*/*;q=0.8',
  'referer' => 'http://localhost/admin/',
  'accept-encoding' => 'gzip, deflate, sdch, br',
  'accept-language' => 'zh-CN,zh;q=0.8',
  'cookie' => 'PHPSESSID=u6ro88tijtbtmmks3p5q6vruh4',
)
[ info ] [ PARAM ] array (
)
[ info ] [ RUN ] app\index\controller\Common->login[ /home/lion/Web/application/index/controller/Common.php ]
[ info ] [ CACHE ] INIT File
[ info ] [ SESSION ] INIT array (
  'id' => '',
  'var_session_id' => '',
  'prefix' => 'think',
  'type' => '',
  'auto_start' => true,
)
[ info ] [ VIEW ] /home/lion/Web/html/../application/index/view/common/login.html [ array (
  0 => 'ddjs',
) ]
[ info ] [ LOG ] INIT File

---------------------------------------------------------------
