[ 2017-03-22T14:23:56+08:00 ] ::1 ::1 GET /admin/
[ log ] localhost/admin/ [运行时间：0.188139s][吞吐率：5.32req/s] [内存消耗：301.67kb] [文件加载：44]
[ info ] [ LANG ] /home/lion/Web/thinkphp/lang/zh-cn.php
[ info ] [ ROUTE ] array (
  'type' => 'module',
  'module' => 
  array (
    0 => 'admin',
    1 => NULL,
    2 => NULL,
  ),
)
[ info ] [ HEADER ] array (
  'host' => 'localhost',
  'connection' => 'keep-alive',
  'cache-control' => 'max-age=0',
  'upgrade-insecure-requests' => '1',
  'user-agent' => 'Mozilla/5.0 (X11; Linux x86_64) AppleWebKit/537.36 (KHTML, like Gecko) Chrome/57.0.2987.98 Safari/537.36',
  'accept' => 'text/html,application/xhtml+xml,application/xml;q=0.9,image/webp,*/*;q=0.8',
  'accept-encoding' => 'gzip, deflate, sdch, br',
  'accept-language' => 'zh-CN,zh;q=0.8',
)
[ info ] [ PARAM ] array (
)
[ info ] [ RUN ] app\admin\controller\Index->index[ /home/lion/Web/application/admin/controller/Index.php ]
[ info ] [ VIEW ] /home/lion/Web/html/../application/admin/view/index/index.html [ array (
) ]
[ info ] [ LOG ] INIT File

---------------------------------------------------------------
[ 2017-03-22T14:24:00+08:00 ] ::1 ::1 GET /admin/index/branch
[ log ] localhost/admin/index/branch [运行时间：0.030917s][吞吐率：32.34req/s] [内存消耗：232.42kb] [文件加载：43]
[ info ] [ LANG ] /home/lion/Web/thinkphp/lang/zh-cn.php
[ info ] [ ROUTE ] array (
  'type' => 'module',
  'module' => 
  array (
    0 => 'admin',
    1 => 'index',
    2 => 'branch',
  ),
)
[ info ] [ HEADER ] array (
  'host' => 'localhost',
  'connection' => 'keep-alive',
  'upgrade-insecure-requests' => '1',
  'user-agent' => 'Mozilla/5.0 (X11; Linux x86_64) AppleWebKit/537.36 (KHTML, like Gecko) Chrome/57.0.2987.98 Safari/537.36',
  'accept' => 'text/html,application/xhtml+xml,application/xml;q=0.9,image/webp,*/*;q=0.8',
  'referer' => 'http://localhost/admin/',
  'accept-encoding' => 'gzip, deflate, sdch, br',
  'accept-language' => 'zh-CN,zh;q=0.8',
)
[ info ] [ PARAM ] array (
)
[ info ] [ RUN ] app\admin\controller\Index->branch[ /home/lion/Web/application/admin/controller/Index.php ]
[ info ] [ VIEW ] /home/lion/Web/html/../application/admin/view/index/branch.html [ array (
) ]
[ info ] [ LOG ] INIT File

---------------------------------------------------------------
[ 2017-03-22T14:24:01+08:00 ] ::1 ::1 GET /admin/index/getDepart
[ log ] localhost/admin/index/getDepart [运行时间：0.089877s][吞吐率：11.13req/s] [内存消耗：479.16kb] [文件加载：54]
[ info ] [ LANG ] /home/lion/Web/thinkphp/lang/zh-cn.php
[ info ] [ ROUTE ] array (
  'type' => 'module',
  'module' => 
  array (
    0 => 'admin',
    1 => 'index',
    2 => 'getDepart',
  ),
)
[ info ] [ HEADER ] array (
  'host' => 'localhost',
  'connection' => 'keep-alive',
  'accept' => 'application/json, text/javascript, */*; q=0.01',
  'x-requested-with' => 'XMLHttpRequest',
  'user-agent' => 'Mozilla/5.0 (X11; Linux x86_64) AppleWebKit/537.36 (KHTML, like Gecko) Chrome/57.0.2987.98 Safari/537.36',
  'referer' => 'http://localhost/admin/index/branch',
  'accept-encoding' => 'gzip, deflate, sdch, br',
  'accept-language' => 'zh-CN,zh;q=0.8',
)
[ info ] [ PARAM ] array (
)
[ info ] [ RUN ] app\admin\controller\Index->getDepart[ /home/lion/Web/application/admin/controller/Index.php ]
[ info ] [ DB ] INIT mysql
[ info ] [ LOG ] INIT File
[ sql ] [ DB ] CONNECT:[ UseTime:0.023820s ] mysql:dbname=alcms;host=127.0.0.1;charset=utf8
[ sql ] [ SQL ] SHOW COLUMNS FROM `al_depart` [ RunTime:0.018864s ]
[ sql ] [ SQL ] SELECT `id`,`name`,`pid`,`level` FROM `al_depart` [ RunTime:0.007119s ]

---------------------------------------------------------------
[ 2017-03-22T14:24:03+08:00 ] ::1 ::1 GET /admin/index/departInfoSync/id/1
[ log ] localhost/admin/index/departInfoSync/id/1 [运行时间：0.007023s][吞吐率：142.39req/s] [内存消耗：416.73kb] [文件加载：54]
[ info ] [ LANG ] /home/lion/Web/thinkphp/lang/zh-cn.php
[ info ] [ ROUTE ] array (
  'type' => 'module',
  'module' => 
  array (
    0 => 'admin',
    1 => 'index',
    2 => 'departInfoSync',
  ),
)
[ info ] [ HEADER ] array (
  'host' => 'localhost',
  'connection' => 'keep-alive',
  'accept' => 'application/json, text/javascript, */*; q=0.01',
  'x-requested-with' => 'XMLHttpRequest',
  'user-agent' => 'Mozilla/5.0 (X11; Linux x86_64) AppleWebKit/537.36 (KHTML, like Gecko) Chrome/57.0.2987.98 Safari/537.36',
  'referer' => 'http://localhost/admin/index/branch',
  'accept-encoding' => 'gzip, deflate, sdch, br',
  'accept-language' => 'zh-CN,zh;q=0.8',
)
[ info ] [ PARAM ] array (
  'id' => '1',
)
[ info ] [ RUN ] app\admin\controller\Index->departInfoSync[ /home/lion/Web/application/admin/controller/Index.php ]
[ info ] [ DB ] INIT mysql
[ info ] [ LOG ] INIT File
[ sql ] [ DB ] CONNECT:[ UseTime:0.001099s ] mysql:dbname=alcms;host=127.0.0.1;charset=utf8
[ sql ] [ SQL ] SHOW COLUMNS FROM `al_depart` [ RunTime:0.000888s ]
[ sql ] [ SQL ] SELECT * FROM `al_depart` [ RunTime:0.000366s ]
[ sql ] [ SQL ] SELECT * FROM `al_depart` WHERE  `pid` = 1 [ RunTime:0.000666s ]

---------------------------------------------------------------
[ 2017-03-22T14:24:04+08:00 ] ::1 ::1 GET /admin/index/departInfoSync/id/7
[ log ] localhost/admin/index/departInfoSync/id/7 [运行时间：0.005677s][吞吐率：176.15req/s] [内存消耗：417.20kb] [文件加载：54]
[ info ] [ LANG ] /home/lion/Web/thinkphp/lang/zh-cn.php
[ info ] [ ROUTE ] array (
  'type' => 'module',
  'module' => 
  array (
    0 => 'admin',
    1 => 'index',
    2 => 'departInfoSync',
  ),
)
[ info ] [ HEADER ] array (
  'host' => 'localhost',
  'connection' => 'keep-alive',
  'accept' => 'application/json, text/javascript, */*; q=0.01',
  'x-requested-with' => 'XMLHttpRequest',
  'user-agent' => 'Mozilla/5.0 (X11; Linux x86_64) AppleWebKit/537.36 (KHTML, like Gecko) Chrome/57.0.2987.98 Safari/537.36',
  'referer' => 'http://localhost/admin/index/branch',
  'accept-encoding' => 'gzip, deflate, sdch, br',
  'accept-language' => 'zh-CN,zh;q=0.8',
)
[ info ] [ PARAM ] array (
  'id' => '7',
)
[ info ] [ RUN ] app\admin\controller\Index->departInfoSync[ /home/lion/Web/application/admin/controller/Index.php ]
[ info ] [ DB ] INIT mysql
[ info ] [ LOG ] INIT File
[ sql ] [ DB ] CONNECT:[ UseTime:0.000732s ] mysql:dbname=alcms;host=127.0.0.1;charset=utf8
[ sql ] [ SQL ] SHOW COLUMNS FROM `al_depart` [ RunTime:0.000889s ]
[ sql ] [ SQL ] SELECT * FROM `al_depart` [ RunTime:0.000276s ]
[ sql ] [ SQL ] SELECT * FROM `al_depart` WHERE  `pid` = 7 [ RunTime:0.000292s ]

---------------------------------------------------------------
[ 2017-03-22T14:24:06+08:00 ] ::1 ::1 GET /admin/index/branchAdd/pid/7
[ log ] localhost/admin/index/branchAdd/pid/7 [运行时间：0.002321s][吞吐率：430.85req/s] [内存消耗：233.95kb] [文件加载：43]
[ info ] [ LANG ] /home/lion/Web/thinkphp/lang/zh-cn.php
[ info ] [ ROUTE ] array (
  'type' => 'module',
  'module' => 
  array (
    0 => 'admin',
    1 => 'index',
    2 => 'branchAdd',
  ),
)
[ info ] [ HEADER ] array (
  'host' => 'localhost',
  'connection' => 'keep-alive',
  'upgrade-insecure-requests' => '1',
  'user-agent' => 'Mozilla/5.0 (X11; Linux x86_64) AppleWebKit/537.36 (KHTML, like Gecko) Chrome/57.0.2987.98 Safari/537.36',
  'accept' => 'text/html,application/xhtml+xml,application/xml;q=0.9,image/webp,*/*;q=0.8',
  'referer' => 'http://localhost/admin/index/branch',
  'accept-encoding' => 'gzip, deflate, sdch, br',
  'accept-language' => 'zh-CN,zh;q=0.8',
)
[ info ] [ PARAM ] array (
  'pid' => '7',
)
[ info ] [ RUN ] app\admin\controller\Index->branchAdd[ /home/lion/Web/application/admin/controller/Index.php ]
[ info ] [ VIEW ] /home/lion/Web/html/../application/admin/view/index/branchadd.html [ array (
  0 => 'pid',
) ]
[ info ] [ LOG ] INIT File

---------------------------------------------------------------
[ 2017-03-22T14:24:06+08:00 ] ::1 ::1 GET /admin/index/departInfoSync/id/7
[ log ] localhost/admin/index/departInfoSync/id/7 [运行时间：0.007317s][吞吐率：136.67req/s] [内存消耗：417.22kb] [文件加载：54]
[ info ] [ LANG ] /home/lion/Web/thinkphp/lang/zh-cn.php
[ info ] [ ROUTE ] array (
  'type' => 'module',
  'module' => 
  array (
    0 => 'admin',
    1 => 'index',
    2 => 'departInfoSync',
  ),
)
[ info ] [ HEADER ] array (
  'host' => 'localhost',
  'connection' => 'keep-alive',
  'accept' => 'application/json, text/javascript, */*; q=0.01',
  'x-requested-with' => 'XMLHttpRequest',
  'user-agent' => 'Mozilla/5.0 (X11; Linux x86_64) AppleWebKit/537.36 (KHTML, like Gecko) Chrome/57.0.2987.98 Safari/537.36',
  'referer' => 'http://localhost/admin/index/branchAdd/pid/7',
  'accept-encoding' => 'gzip, deflate, sdch, br',
  'accept-language' => 'zh-CN,zh;q=0.8',
)
[ info ] [ PARAM ] array (
  'id' => '7',
)
[ info ] [ RUN ] app\admin\controller\Index->departInfoSync[ /home/lion/Web/application/admin/controller/Index.php ]
[ info ] [ DB ] INIT mysql
[ info ] [ LOG ] INIT File
[ sql ] [ DB ] CONNECT:[ UseTime:0.001510s ] mysql:dbname=alcms;host=127.0.0.1;charset=utf8
[ sql ] [ SQL ] SHOW COLUMNS FROM `al_depart` [ RunTime:0.000970s ]
[ sql ] [ SQL ] SELECT * FROM `al_depart` [ RunTime:0.000372s ]
[ sql ] [ SQL ] SELECT * FROM `al_depart` WHERE  `pid` = 7 [ RunTime:0.000513s ]

---------------------------------------------------------------
[ 2017-03-22T14:24:10+08:00 ] ::1 ::1 POST /admin/index/branchAdd/
[ log ] localhost/admin/index/branchAdd/ [运行时间：0.060560s][吞吐率：16.51req/s] [内存消耗：431.67kb] [文件加载：57]
[ info ] [ LANG ] /home/lion/Web/thinkphp/lang/zh-cn.php
[ info ] [ ROUTE ] array (
  'type' => 'module',
  'module' => 
  array (
    0 => 'admin',
    1 => 'index',
    2 => 'branchAdd',
  ),
)
[ info ] [ HEADER ] array (
  'host' => 'localhost',
  'connection' => 'keep-alive',
  'content-length' => '45',
  'accept' => '*/*',
  'origin' => 'http://localhost',
  'x-requested-with' => 'XMLHttpRequest',
  'user-agent' => 'Mozilla/5.0 (X11; Linux x86_64) AppleWebKit/537.36 (KHTML, like Gecko) Chrome/57.0.2987.98 Safari/537.36',
  'content-type' => 'application/x-www-form-urlencoded; charset=UTF-8',
  'referer' => 'http://localhost/admin/index/branchAdd/pid/7',
  'accept-encoding' => 'gzip, deflate, br',
  'accept-language' => 'zh-CN,zh;q=0.8',
)
[ info ] [ PARAM ] array (
  'pid' => '7',
  'name' => '测试',
  'sort' => '0',
  'status' => '1',
)
[ info ] [ RUN ] app\admin\controller\Index->branchAdd[ /home/lion/Web/application/admin/controller/Index.php ]
[ info ] [ DB ] INIT mysql
[ info ] [ LOG ] INIT File
[ sql ] [ DB ] CONNECT:[ UseTime:0.000437s ] mysql:dbname=alcms;host=127.0.0.1;charset=utf8
[ sql ] [ SQL ] SHOW COLUMNS FROM `al_depart` [ RunTime:0.000868s ]
[ sql ] [ SQL ] SELECT `id` FROM `al_depart` WHERE  `name` = '测试'  AND `pid` = 7 LIMIT 1 [ RunTime:0.000270s ]
[ error ] [10501]SQLSTATE[HY000]: General error: 1364 Field 'id' doesn't have a default value[/home/lion/Web/thinkphp/library/think/db/Connection.php:457]

---------------------------------------------------------------
[ 2017-03-22T14:24:11+08:00 ] ::1 ::1 POST /admin/index/branchAdd/
[ log ] localhost/admin/index/branchAdd/ [运行时间：0.009006s][吞吐率：111.04req/s] [内存消耗：430.16kb] [文件加载：57]
[ info ] [ LANG ] /home/lion/Web/thinkphp/lang/zh-cn.php
[ info ] [ ROUTE ] array (
  'type' => 'module',
  'module' => 
  array (
    0 => 'admin',
    1 => 'index',
    2 => 'branchAdd',
  ),
)
[ info ] [ HEADER ] array (
  'host' => 'localhost',
  'connection' => 'keep-alive',
  'content-length' => '45',
  'accept' => '*/*',
  'origin' => 'http://localhost',
  'x-requested-with' => 'XMLHttpRequest',
  'user-agent' => 'Mozilla/5.0 (X11; Linux x86_64) AppleWebKit/537.36 (KHTML, like Gecko) Chrome/57.0.2987.98 Safari/537.36',
  'content-type' => 'application/x-www-form-urlencoded; charset=UTF-8',
  'referer' => 'http://localhost/admin/index/branchAdd/pid/7',
  'accept-encoding' => 'gzip, deflate, br',
  'accept-language' => 'zh-CN,zh;q=0.8',
)
[ info ] [ PARAM ] array (
  'pid' => '7',
  'name' => '测试',
  'sort' => '0',
  'status' => '1',
)
[ info ] [ RUN ] app\admin\controller\Index->branchAdd[ /home/lion/Web/application/admin/controller/Index.php ]
[ info ] [ DB ] INIT mysql
[ info ] [ LOG ] INIT File
[ sql ] [ DB ] CONNECT:[ UseTime:0.000523s ] mysql:dbname=alcms;host=127.0.0.1;charset=utf8
[ sql ] [ SQL ] SHOW COLUMNS FROM `al_depart` [ RunTime:0.000962s ]
[ sql ] [ SQL ] SELECT `id` FROM `al_depart` WHERE  `name` = '测试'  AND `pid` = 7 LIMIT 1 [ RunTime:0.000237s ]
[ error ] [10501]SQLSTATE[HY000]: General error: 1364 Field 'id' doesn't have a default value[/home/lion/Web/thinkphp/library/think/db/Connection.php:457]

---------------------------------------------------------------
[ 2017-03-22T14:24:12+08:00 ] ::1 ::1 POST /admin/index/branchAdd/
[ log ] localhost/admin/index/branchAdd/ [运行时间：0.008612s][吞吐率：116.12req/s] [内存消耗：430.16kb] [文件加载：57]
[ info ] [ LANG ] /home/lion/Web/thinkphp/lang/zh-cn.php
[ info ] [ ROUTE ] array (
  'type' => 'module',
  'module' => 
  array (
    0 => 'admin',
    1 => 'index',
    2 => 'branchAdd',
  ),
)
[ info ] [ HEADER ] array (
  'host' => 'localhost',
  'connection' => 'keep-alive',
  'content-length' => '45',
  'accept' => '*/*',
  'origin' => 'http://localhost',
  'x-requested-with' => 'XMLHttpRequest',
  'user-agent' => 'Mozilla/5.0 (X11; Linux x86_64) AppleWebKit/537.36 (KHTML, like Gecko) Chrome/57.0.2987.98 Safari/537.36',
  'content-type' => 'application/x-www-form-urlencoded; charset=UTF-8',
  'referer' => 'http://localhost/admin/index/branchAdd/pid/7',
  'accept-encoding' => 'gzip, deflate, br',
  'accept-language' => 'zh-CN,zh;q=0.8',
)
[ info ] [ PARAM ] array (
  'pid' => '7',
  'name' => '测试',
  'sort' => '0',
  'status' => '1',
)
[ info ] [ RUN ] app\admin\controller\Index->branchAdd[ /home/lion/Web/application/admin/controller/Index.php ]
[ info ] [ DB ] INIT mysql
[ info ] [ LOG ] INIT File
[ sql ] [ DB ] CONNECT:[ UseTime:0.000676s ] mysql:dbname=alcms;host=127.0.0.1;charset=utf8
[ sql ] [ SQL ] SHOW COLUMNS FROM `al_depart` [ RunTime:0.000676s ]
[ sql ] [ SQL ] SELECT `id` FROM `al_depart` WHERE  `name` = '测试'  AND `pid` = 7 LIMIT 1 [ RunTime:0.000232s ]
[ error ] [10501]SQLSTATE[HY000]: General error: 1364 Field 'id' doesn't have a default value[/home/lion/Web/thinkphp/library/think/db/Connection.php:457]

---------------------------------------------------------------
[ 2017-03-22T14:24:12+08:00 ] ::1 ::1 POST /admin/index/branchAdd/
[ log ] localhost/admin/index/branchAdd/ [运行时间：0.010041s][吞吐率：99.59req/s] [内存消耗：430.16kb] [文件加载：57]
[ info ] [ LANG ] /home/lion/Web/thinkphp/lang/zh-cn.php
[ info ] [ ROUTE ] array (
  'type' => 'module',
  'module' => 
  array (
    0 => 'admin',
    1 => 'index',
    2 => 'branchAdd',
  ),
)
[ info ] [ HEADER ] array (
  'host' => 'localhost',
  'connection' => 'keep-alive',
  'content-length' => '45',
  'accept' => '*/*',
  'origin' => 'http://localhost',
  'x-requested-with' => 'XMLHttpRequest',
  'user-agent' => 'Mozilla/5.0 (X11; Linux x86_64) AppleWebKit/537.36 (KHTML, like Gecko) Chrome/57.0.2987.98 Safari/537.36',
  'content-type' => 'application/x-www-form-urlencoded; charset=UTF-8',
  'referer' => 'http://localhost/admin/index/branchAdd/pid/7',
  'accept-encoding' => 'gzip, deflate, br',
  'accept-language' => 'zh-CN,zh;q=0.8',
)
[ info ] [ PARAM ] array (
  'pid' => '7',
  'name' => '测试',
  'sort' => '0',
  'status' => '1',
)
[ info ] [ RUN ] app\admin\controller\Index->branchAdd[ /home/lion/Web/application/admin/controller/Index.php ]
[ info ] [ DB ] INIT mysql
[ info ] [ LOG ] INIT File
[ sql ] [ DB ] CONNECT:[ UseTime:0.000566s ] mysql:dbname=alcms;host=127.0.0.1;charset=utf8
[ sql ] [ SQL ] SHOW COLUMNS FROM `al_depart` [ RunTime:0.000686s ]
[ sql ] [ SQL ] SELECT `id` FROM `al_depart` WHERE  `name` = '测试'  AND `pid` = 7 LIMIT 1 [ RunTime:0.000215s ]
[ error ] [10501]SQLSTATE[HY000]: General error: 1364 Field 'id' doesn't have a default value[/home/lion/Web/thinkphp/library/think/db/Connection.php:457]

---------------------------------------------------------------
[ 2017-03-22T14:24:15+08:00 ] ::1 ::1 GET /admin/index/departInfoSync/id/5
[ log ] localhost/admin/index/departInfoSync/id/5 [运行时间：0.009381s][吞吐率：106.60req/s] [内存消耗：415.77kb] [文件加载：54]
[ info ] [ LANG ] /home/lion/Web/thinkphp/lang/zh-cn.php
[ info ] [ ROUTE ] array (
  'type' => 'module',
  'module' => 
  array (
    0 => 'admin',
    1 => 'index',
    2 => 'departInfoSync',
  ),
)
[ info ] [ HEADER ] array (
  'host' => 'localhost',
  'connection' => 'keep-alive',
  'accept' => 'application/json, text/javascript, */*; q=0.01',
  'x-requested-with' => 'XMLHttpRequest',
  'user-agent' => 'Mozilla/5.0 (X11; Linux x86_64) AppleWebKit/537.36 (KHTML, like Gecko) Chrome/57.0.2987.98 Safari/537.36',
  'referer' => 'http://localhost/admin/index/branch',
  'accept-encoding' => 'gzip, deflate, sdch, br',
  'accept-language' => 'zh-CN,zh;q=0.8',
)
[ info ] [ PARAM ] array (
  'id' => '5',
)
[ info ] [ RUN ] app\admin\controller\Index->departInfoSync[ /home/lion/Web/application/admin/controller/Index.php ]
[ info ] [ DB ] INIT mysql
[ info ] [ LOG ] INIT File
[ sql ] [ DB ] CONNECT:[ UseTime:0.000512s ] mysql:dbname=alcms;host=127.0.0.1;charset=utf8
[ sql ] [ SQL ] SHOW COLUMNS FROM `al_depart` [ RunTime:0.000737s ]
[ sql ] [ SQL ] SELECT * FROM `al_depart` [ RunTime:0.000462s ]
[ sql ] [ SQL ] SELECT * FROM `al_depart` WHERE  `pid` = 5 [ RunTime:0.000434s ]

---------------------------------------------------------------
[ 2017-03-22T14:24:15+08:00 ] ::1 ::1 GET /admin/index/departInfoSync/id/6
[ log ] localhost/admin/index/departInfoSync/id/6 [运行时间：0.005366s][吞吐率：186.36req/s] [内存消耗：415.77kb] [文件加载：54]
[ info ] [ LANG ] /home/lion/Web/thinkphp/lang/zh-cn.php
[ info ] [ ROUTE ] array (
  'type' => 'module',
  'module' => 
  array (
    0 => 'admin',
    1 => 'index',
    2 => 'departInfoSync',
  ),
)
[ info ] [ HEADER ] array (
  'host' => 'localhost',
  'connection' => 'keep-alive',
  'accept' => 'application/json, text/javascript, */*; q=0.01',
  'x-requested-with' => 'XMLHttpRequest',
  'user-agent' => 'Mozilla/5.0 (X11; Linux x86_64) AppleWebKit/537.36 (KHTML, like Gecko) Chrome/57.0.2987.98 Safari/537.36',
  'referer' => 'http://localhost/admin/index/branch',
  'accept-encoding' => 'gzip, deflate, sdch, br',
  'accept-language' => 'zh-CN,zh;q=0.8',
)
[ info ] [ PARAM ] array (
  'id' => '6',
)
[ info ] [ RUN ] app\admin\controller\Index->departInfoSync[ /home/lion/Web/application/admin/controller/Index.php ]
[ info ] [ DB ] INIT mysql
[ info ] [ LOG ] INIT File
[ sql ] [ DB ] CONNECT:[ UseTime:0.000490s ] mysql:dbname=alcms;host=127.0.0.1;charset=utf8
[ sql ] [ SQL ] SHOW COLUMNS FROM `al_depart` [ RunTime:0.000955s ]
[ sql ] [ SQL ] SELECT * FROM `al_depart` [ RunTime:0.000346s ]
[ sql ] [ SQL ] SELECT * FROM `al_depart` WHERE  `pid` = 6 [ RunTime:0.000579s ]

---------------------------------------------------------------
[ 2017-03-22T14:24:15+08:00 ] ::1 ::1 GET /admin/index/departInfoSync/id/7
[ log ] localhost/admin/index/departInfoSync/id/7 [运行时间：0.008369s][吞吐率：119.49req/s] [内存消耗：417.20kb] [文件加载：54]
[ info ] [ LANG ] /home/lion/Web/thinkphp/lang/zh-cn.php
[ info ] [ ROUTE ] array (
  'type' => 'module',
  'module' => 
  array (
    0 => 'admin',
    1 => 'index',
    2 => 'departInfoSync',
  ),
)
[ info ] [ HEADER ] array (
  'host' => 'localhost',
  'connection' => 'keep-alive',
  'accept' => 'application/json, text/javascript, */*; q=0.01',
  'x-requested-with' => 'XMLHttpRequest',
  'user-agent' => 'Mozilla/5.0 (X11; Linux x86_64) AppleWebKit/537.36 (KHTML, like Gecko) Chrome/57.0.2987.98 Safari/537.36',
  'referer' => 'http://localhost/admin/index/branch',
  'accept-encoding' => 'gzip, deflate, sdch, br',
  'accept-language' => 'zh-CN,zh;q=0.8',
)
[ info ] [ PARAM ] array (
  'id' => '7',
)
[ info ] [ RUN ] app\admin\controller\Index->departInfoSync[ /home/lion/Web/application/admin/controller/Index.php ]
[ info ] [ DB ] INIT mysql
[ info ] [ LOG ] INIT File
[ sql ] [ DB ] CONNECT:[ UseTime:0.000525s ] mysql:dbname=alcms;host=127.0.0.1;charset=utf8
[ sql ] [ SQL ] SHOW COLUMNS FROM `al_depart` [ RunTime:0.000869s ]
[ sql ] [ SQL ] SELECT * FROM `al_depart` [ RunTime:0.000423s ]
[ sql ] [ SQL ] SELECT * FROM `al_depart` WHERE  `pid` = 7 [ RunTime:0.000463s ]

---------------------------------------------------------------
[ 2017-03-22T14:24:18+08:00 ] ::1 ::1 GET /admin/index/branchAdd/pid/7
[ log ] localhost/admin/index/branchAdd/pid/7 [运行时间：0.001614s][吞吐率：619.63req/s] [内存消耗：233.55kb] [文件加载：43]
[ info ] [ LANG ] /home/lion/Web/thinkphp/lang/zh-cn.php
[ info ] [ ROUTE ] array (
  'type' => 'module',
  'module' => 
  array (
    0 => 'admin',
    1 => 'index',
    2 => 'branchAdd',
  ),
)
[ info ] [ HEADER ] array (
  'host' => 'localhost',
  'connection' => 'keep-alive',
  'upgrade-insecure-requests' => '1',
  'user-agent' => 'Mozilla/5.0 (X11; Linux x86_64) AppleWebKit/537.36 (KHTML, like Gecko) Chrome/57.0.2987.98 Safari/537.36',
  'accept' => 'text/html,application/xhtml+xml,application/xml;q=0.9,image/webp,*/*;q=0.8',
  'referer' => 'http://localhost/admin/index/branch',
  'accept-encoding' => 'gzip, deflate, sdch, br',
  'accept-language' => 'zh-CN,zh;q=0.8',
)
[ info ] [ PARAM ] array (
  'pid' => '7',
)
[ info ] [ RUN ] app\admin\controller\Index->branchAdd[ /home/lion/Web/application/admin/controller/Index.php ]
[ info ] [ VIEW ] /home/lion/Web/html/../application/admin/view/index/branchadd.html [ array (
  0 => 'pid',
) ]
[ info ] [ LOG ] INIT File

---------------------------------------------------------------
[ 2017-03-22T14:24:18+08:00 ] ::1 ::1 GET /admin/index/departInfoSync/id/7
[ log ] localhost/admin/index/departInfoSync/id/7 [运行时间：0.008047s][吞吐率：124.27req/s] [内存消耗：417.22kb] [文件加载：54]
[ info ] [ LANG ] /home/lion/Web/thinkphp/lang/zh-cn.php
[ info ] [ ROUTE ] array (
  'type' => 'module',
  'module' => 
  array (
    0 => 'admin',
    1 => 'index',
    2 => 'departInfoSync',
  ),
)
[ info ] [ HEADER ] array (
  'host' => 'localhost',
  'connection' => 'keep-alive',
  'accept' => 'application/json, text/javascript, */*; q=0.01',
  'x-requested-with' => 'XMLHttpRequest',
  'user-agent' => 'Mozilla/5.0 (X11; Linux x86_64) AppleWebKit/537.36 (KHTML, like Gecko) Chrome/57.0.2987.98 Safari/537.36',
  'referer' => 'http://localhost/admin/index/branchAdd/pid/7',
  'accept-encoding' => 'gzip, deflate, sdch, br',
  'accept-language' => 'zh-CN,zh;q=0.8',
)
[ info ] [ PARAM ] array (
  'id' => '7',
)
[ info ] [ RUN ] app\admin\controller\Index->departInfoSync[ /home/lion/Web/application/admin/controller/Index.php ]
[ info ] [ DB ] INIT mysql
[ info ] [ LOG ] INIT File
[ sql ] [ DB ] CONNECT:[ UseTime:0.000515s ] mysql:dbname=alcms;host=127.0.0.1;charset=utf8
[ sql ] [ SQL ] SHOW COLUMNS FROM `al_depart` [ RunTime:0.001271s ]
[ sql ] [ SQL ] SELECT * FROM `al_depart` [ RunTime:0.000852s ]
[ sql ] [ SQL ] SELECT * FROM `al_depart` WHERE  `pid` = 7 [ RunTime:0.001238s ]

---------------------------------------------------------------
[ 2017-03-22T14:24:53+08:00 ] ::1 ::1 GET /admin/index/branchAdd/pid/7
[ log ] localhost/admin/index/branchAdd/pid/7 [运行时间：0.013041s][吞吐率：76.68req/s] [内存消耗：233.55kb] [文件加载：43]
[ info ] [ LANG ] /home/lion/Web/thinkphp/lang/zh-cn.php
[ info ] [ ROUTE ] array (
  'type' => 'module',
  'module' => 
  array (
    0 => 'admin',
    1 => 'index',
    2 => 'branchAdd',
  ),
)
[ info ] [ HEADER ] array (
  'host' => 'localhost',
  'connection' => 'keep-alive',
  'upgrade-insecure-requests' => '1',
  'user-agent' => 'Mozilla/5.0 (X11; Linux x86_64) AppleWebKit/537.36 (KHTML, like Gecko) Chrome/57.0.2987.98 Safari/537.36',
  'accept' => 'text/html,application/xhtml+xml,application/xml;q=0.9,image/webp,*/*;q=0.8',
  'referer' => 'http://localhost/admin/index/branch',
  'accept-encoding' => 'gzip, deflate, sdch, br',
  'accept-language' => 'zh-CN,zh;q=0.8',
)
[ info ] [ PARAM ] array (
  'pid' => '7',
)
[ info ] [ RUN ] app\admin\controller\Index->branchAdd[ /home/lion/Web/application/admin/controller/Index.php ]
[ info ] [ VIEW ] /home/lion/Web/html/../application/admin/view/index/branchadd.html [ array (
  0 => 'pid',
) ]
[ info ] [ LOG ] INIT File

---------------------------------------------------------------
[ 2017-03-22T14:24:53+08:00 ] ::1 ::1 GET /admin/index/departInfoSync/id/7
[ log ] localhost/admin/index/departInfoSync/id/7 [运行时间：0.006403s][吞吐率：156.18req/s] [内存消耗：417.22kb] [文件加载：54]
[ info ] [ LANG ] /home/lion/Web/thinkphp/lang/zh-cn.php
[ info ] [ ROUTE ] array (
  'type' => 'module',
  'module' => 
  array (
    0 => 'admin',
    1 => 'index',
    2 => 'departInfoSync',
  ),
)
[ info ] [ HEADER ] array (
  'host' => 'localhost',
  'connection' => 'keep-alive',
  'accept' => 'application/json, text/javascript, */*; q=0.01',
  'x-requested-with' => 'XMLHttpRequest',
  'user-agent' => 'Mozilla/5.0 (X11; Linux x86_64) AppleWebKit/537.36 (KHTML, like Gecko) Chrome/57.0.2987.98 Safari/537.36',
  'referer' => 'http://localhost/admin/index/branchAdd/pid/7',
  'accept-encoding' => 'gzip, deflate, sdch, br',
  'accept-language' => 'zh-CN,zh;q=0.8',
)
[ info ] [ PARAM ] array (
  'id' => '7',
)
[ info ] [ RUN ] app\admin\controller\Index->departInfoSync[ /home/lion/Web/application/admin/controller/Index.php ]
[ info ] [ DB ] INIT mysql
[ info ] [ LOG ] INIT File
[ sql ] [ DB ] CONNECT:[ UseTime:0.001134s ] mysql:dbname=alcms;host=127.0.0.1;charset=utf8
[ sql ] [ SQL ] SHOW COLUMNS FROM `al_depart` [ RunTime:0.000966s ]
[ sql ] [ SQL ] SELECT * FROM `al_depart` [ RunTime:0.000302s ]
[ sql ] [ SQL ] SELECT * FROM `al_depart` WHERE  `pid` = 7 [ RunTime:0.000434s ]

---------------------------------------------------------------
[ 2017-03-22T14:25:01+08:00 ] ::1 ::1 POST /admin/index/branchAdd/
[ log ] localhost/admin/index/branchAdd/ [运行时间：0.009461s][吞吐率：105.70req/s] [内存消耗：430.16kb] [文件加载：57]
[ info ] [ LANG ] /home/lion/Web/thinkphp/lang/zh-cn.php
[ info ] [ ROUTE ] array (
  'type' => 'module',
  'module' => 
  array (
    0 => 'admin',
    1 => 'index',
    2 => 'branchAdd',
  ),
)
[ info ] [ HEADER ] array (
  'host' => 'localhost',
  'connection' => 'keep-alive',
  'content-length' => '45',
  'accept' => '*/*',
  'origin' => 'http://localhost',
  'x-requested-with' => 'XMLHttpRequest',
  'user-agent' => 'Mozilla/5.0 (X11; Linux x86_64) AppleWebKit/537.36 (KHTML, like Gecko) Chrome/57.0.2987.98 Safari/537.36',
  'content-type' => 'application/x-www-form-urlencoded; charset=UTF-8',
  'referer' => 'http://localhost/admin/index/branchAdd/pid/7',
  'accept-encoding' => 'gzip, deflate, br',
  'accept-language' => 'zh-CN,zh;q=0.8',
)
[ info ] [ PARAM ] array (
  'pid' => '7',
  'name' => '测试',
  'sort' => '0',
  'status' => '1',
)
[ info ] [ RUN ] app\admin\controller\Index->branchAdd[ /home/lion/Web/application/admin/controller/Index.php ]
[ info ] [ DB ] INIT mysql
[ info ] [ LOG ] INIT File
[ sql ] [ DB ] CONNECT:[ UseTime:0.000955s ] mysql:dbname=alcms;host=127.0.0.1;charset=utf8
[ sql ] [ SQL ] SHOW COLUMNS FROM `al_depart` [ RunTime:0.000835s ]
[ sql ] [ SQL ] SELECT `id` FROM `al_depart` WHERE  `name` = '测试'  AND `pid` = 7 LIMIT 1 [ RunTime:0.000307s ]
[ error ] [10501]SQLSTATE[HY000]: General error: 1364 Field 'id' doesn't have a default value[/home/lion/Web/thinkphp/library/think/db/Connection.php:457]

---------------------------------------------------------------
[ 2017-03-22T14:25:07+08:00 ] ::1 ::1 GET /admin/index/branch
[ log ] localhost/admin/index/branch [运行时间：0.001508s][吞吐率：663.13req/s] [内存消耗：232.02kb] [文件加载：43]
[ info ] [ LANG ] /home/lion/Web/thinkphp/lang/zh-cn.php
[ info ] [ ROUTE ] array (
  'type' => 'module',
  'module' => 
  array (
    0 => 'admin',
    1 => 'index',
    2 => 'branch',
  ),
)
[ info ] [ HEADER ] array (
  'host' => 'localhost',
  'connection' => 'keep-alive',
  'upgrade-insecure-requests' => '1',
  'user-agent' => 'Mozilla/5.0 (X11; Linux x86_64) AppleWebKit/537.36 (KHTML, like Gecko) Chrome/57.0.2987.98 Safari/537.36',
  'accept' => 'text/html,application/xhtml+xml,application/xml;q=0.9,image/webp,*/*;q=0.8',
  'referer' => 'http://localhost/admin/',
  'accept-encoding' => 'gzip, deflate, sdch, br',
  'accept-language' => 'zh-CN,zh;q=0.8',
)
[ info ] [ PARAM ] array (
)
[ info ] [ RUN ] app\admin\controller\Index->branch[ /home/lion/Web/application/admin/controller/Index.php ]
[ info ] [ VIEW ] /home/lion/Web/html/../application/admin/view/index/branch.html [ array (
) ]
[ info ] [ LOG ] INIT File

---------------------------------------------------------------
[ 2017-03-22T14:25:07+08:00 ] ::1 ::1 GET /admin/index/getDepart
[ log ] localhost/admin/index/getDepart [运行时间：0.004107s][吞吐率：243.49req/s] [内存消耗：412.87kb] [文件加载：54]
[ info ] [ LANG ] /home/lion/Web/thinkphp/lang/zh-cn.php
[ info ] [ ROUTE ] array (
  'type' => 'module',
  'module' => 
  array (
    0 => 'admin',
    1 => 'index',
    2 => 'getDepart',
  ),
)
[ info ] [ HEADER ] array (
  'host' => 'localhost',
  'connection' => 'keep-alive',
  'accept' => 'application/json, text/javascript, */*; q=0.01',
  'x-requested-with' => 'XMLHttpRequest',
  'user-agent' => 'Mozilla/5.0 (X11; Linux x86_64) AppleWebKit/537.36 (KHTML, like Gecko) Chrome/57.0.2987.98 Safari/537.36',
  'referer' => 'http://localhost/admin/index/branch',
  'accept-encoding' => 'gzip, deflate, sdch, br',
  'accept-language' => 'zh-CN,zh;q=0.8',
)
[ info ] [ PARAM ] array (
)
[ info ] [ RUN ] app\admin\controller\Index->getDepart[ /home/lion/Web/application/admin/controller/Index.php ]
[ info ] [ DB ] INIT mysql
[ info ] [ LOG ] INIT File
[ sql ] [ DB ] CONNECT:[ UseTime:0.000951s ] mysql:dbname=alcms;host=127.0.0.1;charset=utf8
[ sql ] [ SQL ] SHOW COLUMNS FROM `al_depart` [ RunTime:0.000665s ]
[ sql ] [ SQL ] SELECT `id`,`name`,`pid`,`level` FROM `al_depart` [ RunTime:0.000201s ]

---------------------------------------------------------------
[ 2017-03-22T14:25:09+08:00 ] ::1 ::1 GET /admin/index/departInfoSync/id/7
[ log ] localhost/admin/index/departInfoSync/id/7 [运行时间：0.005799s][吞吐率：172.44req/s] [内存消耗：417.20kb] [文件加载：54]
[ info ] [ LANG ] /home/lion/Web/thinkphp/lang/zh-cn.php
[ info ] [ ROUTE ] array (
  'type' => 'module',
  'module' => 
  array (
    0 => 'admin',
    1 => 'index',
    2 => 'departInfoSync',
  ),
)
[ info ] [ HEADER ] array (
  'host' => 'localhost',
  'connection' => 'keep-alive',
  'accept' => 'application/json, text/javascript, */*; q=0.01',
  'x-requested-with' => 'XMLHttpRequest',
  'user-agent' => 'Mozilla/5.0 (X11; Linux x86_64) AppleWebKit/537.36 (KHTML, like Gecko) Chrome/57.0.2987.98 Safari/537.36',
  'referer' => 'http://localhost/admin/index/branch',
  'accept-encoding' => 'gzip, deflate, sdch, br',
  'accept-language' => 'zh-CN,zh;q=0.8',
)
[ info ] [ PARAM ] array (
  'id' => '7',
)
[ info ] [ RUN ] app\admin\controller\Index->departInfoSync[ /home/lion/Web/application/admin/controller/Index.php ]
[ info ] [ DB ] INIT mysql
[ info ] [ LOG ] INIT File
[ sql ] [ DB ] CONNECT:[ UseTime:0.000913s ] mysql:dbname=alcms;host=127.0.0.1;charset=utf8
[ sql ] [ SQL ] SHOW COLUMNS FROM `al_depart` [ RunTime:0.000888s ]
[ sql ] [ SQL ] SELECT * FROM `al_depart` [ RunTime:0.000402s ]
[ sql ] [ SQL ] SELECT * FROM `al_depart` WHERE  `pid` = 7 [ RunTime:0.000285s ]

---------------------------------------------------------------
[ 2017-03-22T14:25:12+08:00 ] ::1 ::1 GET /admin/index/branchAdd/pid/7
[ log ] localhost/admin/index/branchAdd/pid/7 [运行时间：0.001873s][吞吐率：533.90req/s] [内存消耗：233.55kb] [文件加载：43]
[ info ] [ LANG ] /home/lion/Web/thinkphp/lang/zh-cn.php
[ info ] [ ROUTE ] array (
  'type' => 'module',
  'module' => 
  array (
    0 => 'admin',
    1 => 'index',
    2 => 'branchAdd',
  ),
)
[ info ] [ HEADER ] array (
  'host' => 'localhost',
  'connection' => 'keep-alive',
  'upgrade-insecure-requests' => '1',
  'user-agent' => 'Mozilla/5.0 (X11; Linux x86_64) AppleWebKit/537.36 (KHTML, like Gecko) Chrome/57.0.2987.98 Safari/537.36',
  'accept' => 'text/html,application/xhtml+xml,application/xml;q=0.9,image/webp,*/*;q=0.8',
  'referer' => 'http://localhost/admin/index/branch',
  'accept-encoding' => 'gzip, deflate, sdch, br',
  'accept-language' => 'zh-CN,zh;q=0.8',
)
[ info ] [ PARAM ] array (
  'pid' => '7',
)
[ info ] [ RUN ] app\admin\controller\Index->branchAdd[ /home/lion/Web/application/admin/controller/Index.php ]
[ info ] [ VIEW ] /home/lion/Web/html/../application/admin/view/index/branchadd.html [ array (
  0 => 'pid',
) ]
[ info ] [ LOG ] INIT File

---------------------------------------------------------------
[ 2017-03-22T14:25:13+08:00 ] ::1 ::1 GET /admin/index/departInfoSync/id/7
[ log ] localhost/admin/index/departInfoSync/id/7 [运行时间：0.006171s][吞吐率：162.05req/s] [内存消耗：417.22kb] [文件加载：54]
[ info ] [ LANG ] /home/lion/Web/thinkphp/lang/zh-cn.php
[ info ] [ ROUTE ] array (
  'type' => 'module',
  'module' => 
  array (
    0 => 'admin',
    1 => 'index',
    2 => 'departInfoSync',
  ),
)
[ info ] [ HEADER ] array (
  'host' => 'localhost',
  'connection' => 'keep-alive',
  'accept' => 'application/json, text/javascript, */*; q=0.01',
  'x-requested-with' => 'XMLHttpRequest',
  'user-agent' => 'Mozilla/5.0 (X11; Linux x86_64) AppleWebKit/537.36 (KHTML, like Gecko) Chrome/57.0.2987.98 Safari/537.36',
  'referer' => 'http://localhost/admin/index/branchAdd/pid/7',
  'accept-encoding' => 'gzip, deflate, sdch, br',
  'accept-language' => 'zh-CN,zh;q=0.8',
)
[ info ] [ PARAM ] array (
  'id' => '7',
)
[ info ] [ RUN ] app\admin\controller\Index->departInfoSync[ /home/lion/Web/application/admin/controller/Index.php ]
[ info ] [ DB ] INIT mysql
[ info ] [ LOG ] INIT File
[ sql ] [ DB ] CONNECT:[ UseTime:0.001186s ] mysql:dbname=alcms;host=127.0.0.1;charset=utf8
[ sql ] [ SQL ] SHOW COLUMNS FROM `al_depart` [ RunTime:0.000698s ]
[ sql ] [ SQL ] SELECT * FROM `al_depart` [ RunTime:0.000228s ]
[ sql ] [ SQL ] SELECT * FROM `al_depart` WHERE  `pid` = 7 [ RunTime:0.000410s ]

---------------------------------------------------------------
[ 2017-03-22T14:25:17+08:00 ] ::1 ::1 POST /admin/index/branchAdd/
[ log ] localhost/admin/index/branchAdd/ [运行时间：0.006189s][吞吐率：161.58req/s] [内存消耗：430.16kb] [文件加载：57]
[ info ] [ LANG ] /home/lion/Web/thinkphp/lang/zh-cn.php
[ info ] [ ROUTE ] array (
  'type' => 'module',
  'module' => 
  array (
    0 => 'admin',
    1 => 'index',
    2 => 'branchAdd',
  ),
)
[ info ] [ HEADER ] array (
  'host' => 'localhost',
  'connection' => 'keep-alive',
  'content-length' => '45',
  'accept' => '*/*',
  'origin' => 'http://localhost',
  'x-requested-with' => 'XMLHttpRequest',
  'user-agent' => 'Mozilla/5.0 (X11; Linux x86_64) AppleWebKit/537.36 (KHTML, like Gecko) Chrome/57.0.2987.98 Safari/537.36',
  'content-type' => 'application/x-www-form-urlencoded; charset=UTF-8',
  'referer' => 'http://localhost/admin/index/branchAdd/pid/7',
  'accept-encoding' => 'gzip, deflate, br',
  'accept-language' => 'zh-CN,zh;q=0.8',
)
[ info ] [ PARAM ] array (
  'pid' => '7',
  'name' => '测试',
  'sort' => '0',
  'status' => '1',
)
[ info ] [ RUN ] app\admin\controller\Index->branchAdd[ /home/lion/Web/application/admin/controller/Index.php ]
[ info ] [ DB ] INIT mysql
[ info ] [ LOG ] INIT File
[ sql ] [ DB ] CONNECT:[ UseTime:0.000634s ] mysql:dbname=alcms;host=127.0.0.1;charset=utf8
[ sql ] [ SQL ] SHOW COLUMNS FROM `al_depart` [ RunTime:0.000634s ]
[ sql ] [ SQL ] SELECT `id` FROM `al_depart` WHERE  `name` = '测试'  AND `pid` = 7 LIMIT 1 [ RunTime:0.000427s ]
[ error ] [10501]SQLSTATE[HY000]: General error: 1364 Field 'id' doesn't have a default value[/home/lion/Web/thinkphp/library/think/db/Connection.php:457]

---------------------------------------------------------------
[ 2017-03-22T14:25:22+08:00 ] ::1 ::1 POST /admin/index/branchAdd/
[ log ] localhost/admin/index/branchAdd/ [运行时间：0.005715s][吞吐率：174.97req/s] [内存消耗：430.16kb] [文件加载：57]
[ info ] [ LANG ] /home/lion/Web/thinkphp/lang/zh-cn.php
[ info ] [ ROUTE ] array (
  'type' => 'module',
  'module' => 
  array (
    0 => 'admin',
    1 => 'index',
    2 => 'branchAdd',
  ),
)
[ info ] [ HEADER ] array (
  'host' => 'localhost',
  'connection' => 'keep-alive',
  'content-length' => '45',
  'accept' => '*/*',
  'origin' => 'http://localhost',
  'x-requested-with' => 'XMLHttpRequest',
  'user-agent' => 'Mozilla/5.0 (X11; Linux x86_64) AppleWebKit/537.36 (KHTML, like Gecko) Chrome/57.0.2987.98 Safari/537.36',
  'content-type' => 'application/x-www-form-urlencoded; charset=UTF-8',
  'referer' => 'http://localhost/admin/index/branchAdd/pid/7',
  'accept-encoding' => 'gzip, deflate, br',
  'accept-language' => 'zh-CN,zh;q=0.8',
)
[ info ] [ PARAM ] array (
  'pid' => '7',
  'name' => '测试',
  'sort' => '0',
  'status' => '1',
)
[ info ] [ RUN ] app\admin\controller\Index->branchAdd[ /home/lion/Web/application/admin/controller/Index.php ]
[ info ] [ DB ] INIT mysql
[ info ] [ LOG ] INIT File
[ sql ] [ DB ] CONNECT:[ UseTime:0.000862s ] mysql:dbname=alcms;host=127.0.0.1;charset=utf8
[ sql ] [ SQL ] SHOW COLUMNS FROM `al_depart` [ RunTime:0.001305s ]
[ sql ] [ SQL ] SELECT `id` FROM `al_depart` WHERE  `name` = '测试'  AND `pid` = 7 LIMIT 1 [ RunTime:0.000267s ]
[ error ] [10501]SQLSTATE[HY000]: General error: 1364 Field 'id' doesn't have a default value[/home/lion/Web/thinkphp/library/think/db/Connection.php:457]

---------------------------------------------------------------
[ 2017-03-22T14:32:35+08:00 ] ::1 ::1 GET /admin/
[ log ] localhost/admin/ [运行时间：0.001749s][吞吐率：571.74req/s] [内存消耗：232.54kb] [文件加载：44]
[ info ] [ LANG ] /home/lion/Web/thinkphp/lang/zh-cn.php
[ info ] [ ROUTE ] array (
  'type' => 'module',
  'module' => 
  array (
    0 => 'admin',
    1 => NULL,
    2 => NULL,
  ),
)
[ info ] [ HEADER ] array (
  'host' => 'localhost',
  'connection' => 'keep-alive',
  'upgrade-insecure-requests' => '1',
  'user-agent' => 'Mozilla/5.0 (X11; Linux x86_64) AppleWebKit/537.36 (KHTML, like Gecko) Chrome/57.0.2987.98 Safari/537.36',
  'accept' => 'text/html,application/xhtml+xml,application/xml;q=0.9,image/webp,*/*;q=0.8',
  'accept-encoding' => 'gzip, deflate, sdch, br',
  'accept-language' => 'zh-CN,zh;q=0.8',
)
[ info ] [ PARAM ] array (
)
[ info ] [ RUN ] app\admin\controller\Index->index[ /home/lion/Web/application/admin/controller/Index.php ]
[ info ] [ VIEW ] /home/lion/Web/html/../application/admin/view/index/index.html [ array (
) ]
[ info ] [ LOG ] INIT File

---------------------------------------------------------------
[ 2017-03-22T14:35:29+08:00 ] ::1 ::1 GET /admin/index/branch
[ log ] localhost/admin/index/branch [运行时间：0.002384s][吞吐率：419.47req/s] [内存消耗：232.02kb] [文件加载：43]
[ info ] [ LANG ] /home/lion/Web/thinkphp/lang/zh-cn.php
[ info ] [ ROUTE ] array (
  'type' => 'module',
  'module' => 
  array (
    0 => 'admin',
    1 => 'index',
    2 => 'branch',
  ),
)
[ info ] [ HEADER ] array (
  'host' => 'localhost',
  'connection' => 'keep-alive',
  'upgrade-insecure-requests' => '1',
  'user-agent' => 'Mozilla/5.0 (X11; Linux x86_64) AppleWebKit/537.36 (KHTML, like Gecko) Chrome/57.0.2987.98 Safari/537.36',
  'accept' => 'text/html,application/xhtml+xml,application/xml;q=0.9,image/webp,*/*;q=0.8',
  'referer' => 'http://localhost/admin/',
  'accept-encoding' => 'gzip, deflate, sdch, br',
  'accept-language' => 'zh-CN,zh;q=0.8',
)
[ info ] [ PARAM ] array (
)
[ info ] [ RUN ] app\admin\controller\Index->branch[ /home/lion/Web/application/admin/controller/Index.php ]
[ info ] [ VIEW ] /home/lion/Web/html/../application/admin/view/index/branch.html [ array (
) ]
[ info ] [ LOG ] INIT File

---------------------------------------------------------------
[ 2017-03-22T14:35:29+08:00 ] ::1 ::1 GET /admin/index/getDepart
[ log ] localhost/admin/index/getDepart [运行时间：0.005458s][吞吐率：183.21req/s] [内存消耗：413.95kb] [文件加载：54]
[ info ] [ LANG ] /home/lion/Web/thinkphp/lang/zh-cn.php
[ info ] [ ROUTE ] array (
  'type' => 'module',
  'module' => 
  array (
    0 => 'admin',
    1 => 'index',
    2 => 'getDepart',
  ),
)
[ info ] [ HEADER ] array (
  'host' => 'localhost',
  'connection' => 'keep-alive',
  'accept' => 'application/json, text/javascript, */*; q=0.01',
  'x-requested-with' => 'XMLHttpRequest',
  'user-agent' => 'Mozilla/5.0 (X11; Linux x86_64) AppleWebKit/537.36 (KHTML, like Gecko) Chrome/57.0.2987.98 Safari/537.36',
  'referer' => 'http://localhost/admin/index/branch',
  'accept-encoding' => 'gzip, deflate, sdch, br',
  'accept-language' => 'zh-CN,zh;q=0.8',
)
[ info ] [ PARAM ] array (
)
[ info ] [ RUN ] app\admin\controller\Index->getDepart[ /home/lion/Web/application/admin/controller/Index.php ]
[ info ] [ DB ] INIT mysql
[ info ] [ LOG ] INIT File
[ sql ] [ DB ] CONNECT:[ UseTime:0.000656s ] mysql:dbname=alcms;host=127.0.0.1;charset=utf8
[ sql ] [ SQL ] SHOW COLUMNS FROM `al_depart` [ RunTime:0.001066s ]
[ sql ] [ SQL ] SELECT `id`,`name`,`pid`,`level` FROM `al_depart` [ RunTime:0.000303s ]

---------------------------------------------------------------
[ 2017-03-22T14:35:32+08:00 ] ::1 ::1 GET /admin/index/departInfoSync/id/7
[ log ] localhost/admin/index/departInfoSync/id/7 [运行时间：0.007757s][吞吐率：128.91req/s] [内存消耗：417.20kb] [文件加载：54]
[ info ] [ LANG ] /home/lion/Web/thinkphp/lang/zh-cn.php
[ info ] [ ROUTE ] array (
  'type' => 'module',
  'module' => 
  array (
    0 => 'admin',
    1 => 'index',
    2 => 'departInfoSync',
  ),
)
[ info ] [ HEADER ] array (
  'host' => 'localhost',
  'connection' => 'keep-alive',
  'accept' => 'application/json, text/javascript, */*; q=0.01',
  'x-requested-with' => 'XMLHttpRequest',
  'user-agent' => 'Mozilla/5.0 (X11; Linux x86_64) AppleWebKit/537.36 (KHTML, like Gecko) Chrome/57.0.2987.98 Safari/537.36',
  'referer' => 'http://localhost/admin/index/branch',
  'accept-encoding' => 'gzip, deflate, sdch, br',
  'accept-language' => 'zh-CN,zh;q=0.8',
)
[ info ] [ PARAM ] array (
  'id' => '7',
)
[ info ] [ RUN ] app\admin\controller\Index->departInfoSync[ /home/lion/Web/application/admin/controller/Index.php ]
[ info ] [ DB ] INIT mysql
[ info ] [ LOG ] INIT File
[ sql ] [ DB ] CONNECT:[ UseTime:0.000730s ] mysql:dbname=alcms;host=127.0.0.1;charset=utf8
[ sql ] [ SQL ] SHOW COLUMNS FROM `al_depart` [ RunTime:0.001457s ]
[ sql ] [ SQL ] SELECT * FROM `al_depart` [ RunTime:0.001298s ]
[ sql ] [ SQL ] SELECT * FROM `al_depart` WHERE  `pid` = 7 [ RunTime:0.000318s ]

---------------------------------------------------------------
[ 2017-03-22T14:35:33+08:00 ] ::1 ::1 GET /admin/index/branchAdd/pid/7
[ log ] localhost/admin/index/branchAdd/pid/7 [运行时间：0.001491s][吞吐率：670.66req/s] [内存消耗：233.55kb] [文件加载：43]
[ info ] [ LANG ] /home/lion/Web/thinkphp/lang/zh-cn.php
[ info ] [ ROUTE ] array (
  'type' => 'module',
  'module' => 
  array (
    0 => 'admin',
    1 => 'index',
    2 => 'branchAdd',
  ),
)
[ info ] [ HEADER ] array (
  'host' => 'localhost',
  'connection' => 'keep-alive',
  'upgrade-insecure-requests' => '1',
  'user-agent' => 'Mozilla/5.0 (X11; Linux x86_64) AppleWebKit/537.36 (KHTML, like Gecko) Chrome/57.0.2987.98 Safari/537.36',
  'accept' => 'text/html,application/xhtml+xml,application/xml;q=0.9,image/webp,*/*;q=0.8',
  'referer' => 'http://localhost/admin/index/branch',
  'accept-encoding' => 'gzip, deflate, sdch, br',
  'accept-language' => 'zh-CN,zh;q=0.8',
)
[ info ] [ PARAM ] array (
  'pid' => '7',
)
[ info ] [ RUN ] app\admin\controller\Index->branchAdd[ /home/lion/Web/application/admin/controller/Index.php ]
[ info ] [ VIEW ] /home/lion/Web/html/../application/admin/view/index/branchadd.html [ array (
  0 => 'pid',
) ]
[ info ] [ LOG ] INIT File

---------------------------------------------------------------
[ 2017-03-22T14:35:33+08:00 ] ::1 ::1 GET /admin/index/departInfoSync/id/7
[ log ] localhost/admin/index/departInfoSync/id/7 [运行时间：0.005029s][吞吐率：198.85req/s] [内存消耗：417.22kb] [文件加载：54]
[ info ] [ LANG ] /home/lion/Web/thinkphp/lang/zh-cn.php
[ info ] [ ROUTE ] array (
  'type' => 'module',
  'module' => 
  array (
    0 => 'admin',
    1 => 'index',
    2 => 'departInfoSync',
  ),
)
[ info ] [ HEADER ] array (
  'host' => 'localhost',
  'connection' => 'keep-alive',
  'accept' => 'application/json, text/javascript, */*; q=0.01',
  'x-requested-with' => 'XMLHttpRequest',
  'user-agent' => 'Mozilla/5.0 (X11; Linux x86_64) AppleWebKit/537.36 (KHTML, like Gecko) Chrome/57.0.2987.98 Safari/537.36',
  'referer' => 'http://localhost/admin/index/branchAdd/pid/7',
  'accept-encoding' => 'gzip, deflate, sdch, br',
  'accept-language' => 'zh-CN,zh;q=0.8',
)
[ info ] [ PARAM ] array (
  'id' => '7',
)
[ info ] [ RUN ] app\admin\controller\Index->departInfoSync[ /home/lion/Web/application/admin/controller/Index.php ]
[ info ] [ DB ] INIT mysql
[ info ] [ LOG ] INIT File
[ sql ] [ DB ] CONNECT:[ UseTime:0.000472s ] mysql:dbname=alcms;host=127.0.0.1;charset=utf8
[ sql ] [ SQL ] SHOW COLUMNS FROM `al_depart` [ RunTime:0.000810s ]
[ sql ] [ SQL ] SELECT * FROM `al_depart` [ RunTime:0.000248s ]
[ sql ] [ SQL ] SELECT * FROM `al_depart` WHERE  `pid` = 7 [ RunTime:0.000280s ]

---------------------------------------------------------------
[ 2017-03-22T14:35:37+08:00 ] ::1 ::1 POST /admin/index/branchAdd/
[ log ] localhost/admin/index/branchAdd/ [运行时间：0.031094s][吞吐率：32.16req/s] [内存消耗：379.33kb] [文件加载：54]
[ info ] [ LANG ] /home/lion/Web/thinkphp/lang/zh-cn.php
[ info ] [ ROUTE ] array (
  'type' => 'module',
  'module' => 
  array (
    0 => 'admin',
    1 => 'index',
    2 => 'branchAdd',
  ),
)
[ info ] [ HEADER ] array (
  'host' => 'localhost',
  'connection' => 'keep-alive',
  'content-length' => '45',
  'accept' => '*/*',
  'origin' => 'http://localhost',
  'x-requested-with' => 'XMLHttpRequest',
  'user-agent' => 'Mozilla/5.0 (X11; Linux x86_64) AppleWebKit/537.36 (KHTML, like Gecko) Chrome/57.0.2987.98 Safari/537.36',
  'content-type' => 'application/x-www-form-urlencoded; charset=UTF-8',
  'referer' => 'http://localhost/admin/index/branchAdd/pid/7',
  'accept-encoding' => 'gzip, deflate, br',
  'accept-language' => 'zh-CN,zh;q=0.8',
)
[ info ] [ PARAM ] array (
  'pid' => '7',
  'name' => '测试',
  'sort' => '0',
  'status' => '1',
)
[ info ] [ RUN ] app\admin\controller\Index->branchAdd[ /home/lion/Web/application/admin/controller/Index.php ]
[ info ] [ DB ] INIT mysql
[ info ] [ LOG ] INIT File
[ sql ] [ DB ] CONNECT:[ UseTime:0.000449s ] mysql:dbname=alcms;host=127.0.0.1;charset=utf8
[ sql ] [ SQL ] SHOW COLUMNS FROM `al_depart` [ RunTime:0.000820s ]
[ sql ] [ SQL ] SELECT `id` FROM `al_depart` WHERE  `name` = '测试'  AND `pid` = 7 LIMIT 1 [ RunTime:0.000406s ]
[ sql ] [ SQL ] INSERT INTO `al_depart` (`pid` , `name` , `sort` , `status`) VALUES (7 , '测试' , 0 , 1) [ RunTime:0.000296s ]

---------------------------------------------------------------
[ 2017-03-22T14:35:39+08:00 ] ::1 ::1 GET /admin/index/branch
[ log ] localhost/admin/index/branch [运行时间：0.001462s][吞吐率：684.00req/s] [内存消耗：232.55kb] [文件加载：43]
[ info ] [ LANG ] /home/lion/Web/thinkphp/lang/zh-cn.php
[ info ] [ ROUTE ] array (
  'type' => 'module',
  'module' => 
  array (
    0 => 'admin',
    1 => 'index',
    2 => 'branch',
  ),
)
[ info ] [ HEADER ] array (
  'host' => 'localhost',
  'connection' => 'keep-alive',
  'cache-control' => 'max-age=0',
  'upgrade-insecure-requests' => '1',
  'user-agent' => 'Mozilla/5.0 (X11; Linux x86_64) AppleWebKit/537.36 (KHTML, like Gecko) Chrome/57.0.2987.98 Safari/537.36',
  'accept' => 'text/html,application/xhtml+xml,application/xml;q=0.9,image/webp,*/*;q=0.8',
  'referer' => 'http://localhost/admin/index/branch',
  'accept-encoding' => 'gzip, deflate, sdch, br',
  'accept-language' => 'zh-CN,zh;q=0.8',
)
[ info ] [ PARAM ] array (
)
[ info ] [ RUN ] app\admin\controller\Index->branch[ /home/lion/Web/application/admin/controller/Index.php ]
[ info ] [ VIEW ] /home/lion/Web/html/../application/admin/view/index/branch.html [ array (
) ]
[ info ] [ LOG ] INIT File

---------------------------------------------------------------
[ 2017-03-22T14:35:39+08:00 ] ::1 ::1 GET /admin/index/getDepart
[ log ] localhost/admin/index/getDepart [运行时间：0.004112s][吞吐率：243.19req/s] [内存消耗：413.23kb] [文件加载：54]
[ info ] [ LANG ] /home/lion/Web/thinkphp/lang/zh-cn.php
[ info ] [ ROUTE ] array (
  'type' => 'module',
  'module' => 
  array (
    0 => 'admin',
    1 => 'index',
    2 => 'getDepart',
  ),
)
[ info ] [ HEADER ] array (
  'host' => 'localhost',
  'connection' => 'keep-alive',
  'accept' => 'application/json, text/javascript, */*; q=0.01',
  'x-requested-with' => 'XMLHttpRequest',
  'user-agent' => 'Mozilla/5.0 (X11; Linux x86_64) AppleWebKit/537.36 (KHTML, like Gecko) Chrome/57.0.2987.98 Safari/537.36',
  'referer' => 'http://localhost/admin/index/branch',
  'accept-encoding' => 'gzip, deflate, sdch, br',
  'accept-language' => 'zh-CN,zh;q=0.8',
)
[ info ] [ PARAM ] array (
)
[ info ] [ RUN ] app\admin\controller\Index->getDepart[ /home/lion/Web/application/admin/controller/Index.php ]
[ info ] [ DB ] INIT mysql
[ info ] [ LOG ] INIT File
[ sql ] [ DB ] CONNECT:[ UseTime:0.000492s ] mysql:dbname=alcms;host=127.0.0.1;charset=utf8
[ sql ] [ SQL ] SHOW COLUMNS FROM `al_depart` [ RunTime:0.000787s ]
[ sql ] [ SQL ] SELECT `id`,`name`,`pid`,`level` FROM `al_depart` [ RunTime:0.000349s ]

---------------------------------------------------------------
[ 2017-03-22T14:35:43+08:00 ] ::1 ::1 GET /admin/index/departInfoSync/id/7
[ log ] localhost/admin/index/departInfoSync/id/7 [运行时间：0.006212s][吞吐率：160.98req/s] [内存消耗：417.42kb] [文件加载：54]
[ info ] [ LANG ] /home/lion/Web/thinkphp/lang/zh-cn.php
[ info ] [ ROUTE ] array (
  'type' => 'module',
  'module' => 
  array (
    0 => 'admin',
    1 => 'index',
    2 => 'departInfoSync',
  ),
)
[ info ] [ HEADER ] array (
  'host' => 'localhost',
  'connection' => 'keep-alive',
  'accept' => 'application/json, text/javascript, */*; q=0.01',
  'x-requested-with' => 'XMLHttpRequest',
  'user-agent' => 'Mozilla/5.0 (X11; Linux x86_64) AppleWebKit/537.36 (KHTML, like Gecko) Chrome/57.0.2987.98 Safari/537.36',
  'referer' => 'http://localhost/admin/index/branch',
  'accept-encoding' => 'gzip, deflate, sdch, br',
  'accept-language' => 'zh-CN,zh;q=0.8',
)
[ info ] [ PARAM ] array (
  'id' => '7',
)
[ info ] [ RUN ] app\admin\controller\Index->departInfoSync[ /home/lion/Web/application/admin/controller/Index.php ]
[ info ] [ DB ] INIT mysql
[ info ] [ LOG ] INIT File
[ sql ] [ DB ] CONNECT:[ UseTime:0.000509s ] mysql:dbname=alcms;host=127.0.0.1;charset=utf8
[ sql ] [ SQL ] SHOW COLUMNS FROM `al_depart` [ RunTime:0.000712s ]
[ sql ] [ SQL ] SELECT * FROM `al_depart` [ RunTime:0.000361s ]
[ sql ] [ SQL ] SELECT * FROM `al_depart` WHERE  `pid` = 7 [ RunTime:0.000464s ]

---------------------------------------------------------------
[ 2017-03-22T14:35:51+08:00 ] ::1 ::1 GET /admin/index/departInfoSync/id/21
[ log ] localhost/admin/index/departInfoSync/id/21 [运行时间：0.010655s][吞吐率：93.85req/s] [内存消耗：416.16kb] [文件加载：54]
[ info ] [ LANG ] /home/lion/Web/thinkphp/lang/zh-cn.php
[ info ] [ ROUTE ] array (
  'type' => 'module',
  'module' => 
  array (
    0 => 'admin',
    1 => 'index',
    2 => 'departInfoSync',
  ),
)
[ info ] [ HEADER ] array (
  'host' => 'localhost',
  'connection' => 'keep-alive',
  'accept' => 'application/json, text/javascript, */*; q=0.01',
  'x-requested-with' => 'XMLHttpRequest',
  'user-agent' => 'Mozilla/5.0 (X11; Linux x86_64) AppleWebKit/537.36 (KHTML, like Gecko) Chrome/57.0.2987.98 Safari/537.36',
  'referer' => 'http://localhost/admin/index/branch',
  'accept-encoding' => 'gzip, deflate, sdch, br',
  'accept-language' => 'zh-CN,zh;q=0.8',
)
[ info ] [ PARAM ] array (
  'id' => '21',
)
[ info ] [ RUN ] app\admin\controller\Index->departInfoSync[ /home/lion/Web/application/admin/controller/Index.php ]
[ info ] [ DB ] INIT mysql
[ info ] [ LOG ] INIT File
[ sql ] [ DB ] CONNECT:[ UseTime:0.003123s ] mysql:dbname=alcms;host=127.0.0.1;charset=utf8
[ sql ] [ SQL ] SHOW COLUMNS FROM `al_depart` [ RunTime:0.001503s ]
[ sql ] [ SQL ] SELECT * FROM `al_depart` [ RunTime:0.000390s ]
[ sql ] [ SQL ] SELECT * FROM `al_depart` WHERE  `pid` = 21 [ RunTime:0.000457s ]

---------------------------------------------------------------
[ 2017-03-22T14:35:53+08:00 ] ::1 ::1 GET /admin/index/branchEdit/id/21
[ log ] localhost/admin/index/branchEdit/id/21 [运行时间：0.011937s][吞吐率：83.77req/s] [内存消耗：411.27kb] [文件加载：52]
[ info ] [ LANG ] /home/lion/Web/thinkphp/lang/zh-cn.php
[ info ] [ ROUTE ] array (
  'type' => 'module',
  'module' => 
  array (
    0 => 'admin',
    1 => 'index',
    2 => 'branchEdit',
  ),
)
[ info ] [ HEADER ] array (
  'host' => 'localhost',
  'connection' => 'keep-alive',
  'upgrade-insecure-requests' => '1',
  'user-agent' => 'Mozilla/5.0 (X11; Linux x86_64) AppleWebKit/537.36 (KHTML, like Gecko) Chrome/57.0.2987.98 Safari/537.36',
  'accept' => 'text/html,application/xhtml+xml,application/xml;q=0.9,image/webp,*/*;q=0.8',
  'referer' => 'http://localhost/admin/index/branch',
  'accept-encoding' => 'gzip, deflate, sdch, br',
  'accept-language' => 'zh-CN,zh;q=0.8',
)
[ info ] [ PARAM ] array (
  'id' => '21',
)
[ info ] [ RUN ] app\admin\controller\Index->branchEdit[ /home/lion/Web/application/admin/controller/Index.php ]
[ info ] [ DB ] INIT mysql
[ info ] [ VIEW ] /home/lion/Web/html/../application/admin/view/index/branchedit.html [ array (
  0 => 'dpInfo',
) ]
[ info ] [ LOG ] INIT File
[ sql ] [ DB ] CONNECT:[ UseTime:0.000569s ] mysql:dbname=alcms;host=127.0.0.1;charset=utf8
[ sql ] [ SQL ] SHOW COLUMNS FROM `al_depart` [ RunTime:0.000777s ]
[ sql ] [ SQL ] SELECT * FROM `al_depart` WHERE  `id` = 21 LIMIT 1 [ RunTime:0.000288s ]

---------------------------------------------------------------
[ 2017-03-22T14:35:53+08:00 ] ::1 ::1 GET /admin/index/departInfoSync/id/7
[ log ] localhost/admin/index/departInfoSync/id/7 [运行时间：0.006430s][吞吐率：155.52req/s] [内存消耗：417.44kb] [文件加载：54]
[ info ] [ LANG ] /home/lion/Web/thinkphp/lang/zh-cn.php
[ info ] [ ROUTE ] array (
  'type' => 'module',
  'module' => 
  array (
    0 => 'admin',
    1 => 'index',
    2 => 'departInfoSync',
  ),
)
[ info ] [ HEADER ] array (
  'host' => 'localhost',
  'connection' => 'keep-alive',
  'accept' => 'application/json, text/javascript, */*; q=0.01',
  'x-requested-with' => 'XMLHttpRequest',
  'user-agent' => 'Mozilla/5.0 (X11; Linux x86_64) AppleWebKit/537.36 (KHTML, like Gecko) Chrome/57.0.2987.98 Safari/537.36',
  'referer' => 'http://localhost/admin/index/branchEdit/id/21',
  'accept-encoding' => 'gzip, deflate, sdch, br',
  'accept-language' => 'zh-CN,zh;q=0.8',
)
[ info ] [ PARAM ] array (
  'id' => '7',
)
[ info ] [ RUN ] app\admin\controller\Index->departInfoSync[ /home/lion/Web/application/admin/controller/Index.php ]
[ info ] [ DB ] INIT mysql
[ info ] [ LOG ] INIT File
[ sql ] [ DB ] CONNECT:[ UseTime:0.000530s ] mysql:dbname=alcms;host=127.0.0.1;charset=utf8
[ sql ] [ SQL ] SHOW COLUMNS FROM `al_depart` [ RunTime:0.001035s ]
[ sql ] [ SQL ] SELECT * FROM `al_depart` [ RunTime:0.000366s ]
[ sql ] [ SQL ] SELECT * FROM `al_depart` WHERE  `pid` = 7 [ RunTime:0.000748s ]

---------------------------------------------------------------
[ 2017-03-22T14:36:00+08:00 ] ::1 ::1 GET /admin/index/branchDelete/id/21
[ log ] localhost/admin/index/branchDelete/id/21 [运行时间：0.039646s][吞吐率：25.22req/s] [内存消耗：447.90kb] [文件加载：58]
[ info ] [ LANG ] /home/lion/Web/thinkphp/lang/zh-cn.php
[ info ] [ ROUTE ] array (
  'type' => 'module',
  'module' => 
  array (
    0 => 'admin',
    1 => 'index',
    2 => 'branchDelete',
  ),
)
[ info ] [ HEADER ] array (
  'host' => 'localhost',
  'connection' => 'keep-alive',
  'accept' => '*/*',
  'x-requested-with' => 'XMLHttpRequest',
  'user-agent' => 'Mozilla/5.0 (X11; Linux x86_64) AppleWebKit/537.36 (KHTML, like Gecko) Chrome/57.0.2987.98 Safari/537.36',
  'referer' => 'http://localhost/admin/index/branchEdit/id/21',
  'accept-encoding' => 'gzip, deflate, sdch, br',
  'accept-language' => 'zh-CN,zh;q=0.8',
)
[ info ] [ PARAM ] array (
  'id' => '21',
)
[ info ] [ RUN ] app\admin\controller\Index->branchDelete[ /home/lion/Web/application/admin/controller/Index.php ]
[ info ] [ DB ] INIT mysql
[ info ] [ CACHE ] INIT File
[ info ] [ LOG ] INIT File
[ sql ] [ DB ] CONNECT:[ UseTime:0.000540s ] mysql:dbname=alcms;host=127.0.0.1;charset=utf8
[ sql ] [ SQL ] SHOW COLUMNS FROM `al_depart` [ RunTime:0.000896s ]
[ sql ] [ SQL ] SELECT * FROM `al_depart` WHERE  `id` = 21 [ RunTime:0.000367s ]
[ sql ] [ SQL ] DELETE FROM `al_depart`    WHERE  `id` = 21 [ RunTime:0.000532s ]

---------------------------------------------------------------
[ 2017-03-22T14:36:00+08:00 ] ::1 ::1 GET /admin/index/branch
[ log ] localhost/admin/index/branch [运行时间：0.004023s][吞吐率：248.57req/s] [内存消耗：232.55kb] [文件加载：43]
[ info ] [ LANG ] /home/lion/Web/thinkphp/lang/zh-cn.php
[ info ] [ ROUTE ] array (
  'type' => 'module',
  'module' => 
  array (
    0 => 'admin',
    1 => 'index',
    2 => 'branch',
  ),
)
[ info ] [ HEADER ] array (
  'host' => 'localhost',
  'connection' => 'keep-alive',
  'cache-control' => 'max-age=0',
  'upgrade-insecure-requests' => '1',
  'user-agent' => 'Mozilla/5.0 (X11; Linux x86_64) AppleWebKit/537.36 (KHTML, like Gecko) Chrome/57.0.2987.98 Safari/537.36',
  'accept' => 'text/html,application/xhtml+xml,application/xml;q=0.9,image/webp,*/*;q=0.8',
  'referer' => 'http://localhost/admin/index/branch',
  'accept-encoding' => 'gzip, deflate, sdch, br',
  'accept-language' => 'zh-CN,zh;q=0.8',
)
[ info ] [ PARAM ] array (
)
[ info ] [ RUN ] app\admin\controller\Index->branch[ /home/lion/Web/application/admin/controller/Index.php ]
[ info ] [ VIEW ] /home/lion/Web/html/../application/admin/view/index/branch.html [ array (
) ]
[ info ] [ LOG ] INIT File

---------------------------------------------------------------
[ 2017-03-22T14:36:00+08:00 ] ::1 ::1 GET /admin/index/getDepart
[ log ] localhost/admin/index/getDepart [运行时间：0.004302s][吞吐率：232.45req/s] [内存消耗：412.87kb] [文件加载：54]
[ info ] [ LANG ] /home/lion/Web/thinkphp/lang/zh-cn.php
[ info ] [ ROUTE ] array (
  'type' => 'module',
  'module' => 
  array (
    0 => 'admin',
    1 => 'index',
    2 => 'getDepart',
  ),
)
[ info ] [ HEADER ] array (
  'host' => 'localhost',
  'connection' => 'keep-alive',
  'accept' => 'application/json, text/javascript, */*; q=0.01',
  'x-requested-with' => 'XMLHttpRequest',
  'user-agent' => 'Mozilla/5.0 (X11; Linux x86_64) AppleWebKit/537.36 (KHTML, like Gecko) Chrome/57.0.2987.98 Safari/537.36',
  'referer' => 'http://localhost/admin/index/branch',
  'accept-encoding' => 'gzip, deflate, sdch, br',
  'accept-language' => 'zh-CN,zh;q=0.8',
)
[ info ] [ PARAM ] array (
)
[ info ] [ RUN ] app\admin\controller\Index->getDepart[ /home/lion/Web/application/admin/controller/Index.php ]
[ info ] [ DB ] INIT mysql
[ info ] [ LOG ] INIT File
[ sql ] [ DB ] CONNECT:[ UseTime:0.000707s ] mysql:dbname=alcms;host=127.0.0.1;charset=utf8
[ sql ] [ SQL ] SHOW COLUMNS FROM `al_depart` [ RunTime:0.000921s ]
[ sql ] [ SQL ] SELECT `id`,`name`,`pid`,`level` FROM `al_depart` [ RunTime:0.000304s ]

---------------------------------------------------------------
[ 2017-03-22T14:51:16+08:00 ] 127.0.0.1 127.0.0.1 GET /cgi/reccom?id=2BD78E0B6FE5F88E28378DC29BC7D89C7C49B584FC3E608209C6F7D98FF06758
[ log ] tj.b.qq.com/cgi/reccom?id=2BD78E0B6FE5F88E28378DC29BC7D89C7C49B584FC3E608209C6F7D98FF06758 [运行时间：0.143873s][吞吐率：6.95req/s] [内存消耗：273.74kb] [文件加载：35]
[ info ] [ LANG ] /home/lion/Web/thinkphp/lang/zh-cn.php
[ info ] [ ROUTE ] array (
  'type' => 'module',
  'module' => 
  array (
    0 => 'cgi',
    1 => 'reccom',
    2 => NULL,
  ),
)
[ info ] [ HEADER ] array (
  'accept' => '*/*',
  'user-agent' => 'Mozilla/4.0 (compatible; MSIE 6.0; Windows NT 5.1)',
  'host' => 'tj.b.qq.com',
  'pragma' => 'no-cache',
)
[ info ] [ PARAM ] array (
  'id' => '2BD78E0B6FE5F88E28378DC29BC7D89C7C49B584FC3E608209C6F7D98FF06758',
)
[ info ] [ LOG ] INIT File

---------------------------------------------------------------
[ 2017-03-22T14:51:24+08:00 ] 127.0.0.1 127.0.0.1 GET /search.xml
[ log ] tj.b.qq.com/search.xml [运行时间：0.005119s][吞吐率：195.35req/s] [内存消耗：140.61kb] [文件加载：35]
[ info ] [ LANG ] /home/lion/Web/thinkphp/lang/zh-cn.php
[ info ] [ ROUTE ] array (
  'type' => 'module',
  'module' => 
  array (
    0 => 'search',
    1 => NULL,
    2 => NULL,
  ),
)
[ info ] [ HEADER ] array (
  'accept' => '*/*',
  'user-agent' => 'Mozilla/4.0 (compatible; MSIE 6.0; Windows NT 5.1)',
  'host' => 'tj.b.qq.com',
  'pragma' => 'no-cache',
)
[ info ] [ PARAM ] array (
)
[ info ] [ LOG ] INIT File

---------------------------------------------------------------
