[ 2017-03-24T12:26:39+08:00 ] 127.0.0.1 127.0.0.1 GET /cgi/reccom?id=71CAF0A267F151C1A7E033B0A86F393FD9A648F2D791C53222D03A44DB14823D
[ log ] tj.b.qq.com/cgi/reccom?id=71CAF0A267F151C1A7E033B0A86F393FD9A648F2D791C53222D03A44DB14823D [运行时间：0.245213s][吞吐率：4.08req/s] [内存消耗：273.73kb] [文件加载：35]
[ info ] [ LANG ] /home/lion/Web/thinkphp/lang/zh-cn.php
[ info ] [ ROUTE ] array (
  'type' => 'module',
  'module' => 
  array (
    0 => 'cgi',
    1 => 'reccom',
    2 => NULL,
  ),
)
[ info ] [ HEADER ] array (
  'accept' => '*/*',
  'user-agent' => 'Mozilla/4.0 (compatible; MSIE 6.0; Windows NT 5.1)',
  'host' => 'tj.b.qq.com',
  'pragma' => 'no-cache',
)
[ info ] [ PARAM ] array (
  'id' => '71CAF0A267F151C1A7E033B0A86F393FD9A648F2D791C53222D03A44DB14823D',
)
[ info ] [ LOG ] INIT File

---------------------------------------------------------------
[ 2017-03-24T12:26:44+08:00 ] 127.0.0.1 127.0.0.1 GET /search.xml
[ log ] tj.b.qq.com/search.xml [运行时间：0.006649s][吞吐率：150.40req/s] [内存消耗：140.61kb] [文件加载：35]
[ info ] [ LANG ] /home/lion/Web/thinkphp/lang/zh-cn.php
[ info ] [ ROUTE ] array (
  'type' => 'module',
  'module' => 
  array (
    0 => 'search',
    1 => NULL,
    2 => NULL,
  ),
)
[ info ] [ HEADER ] array (
  'accept' => '*/*',
  'user-agent' => 'Mozilla/4.0 (compatible; MSIE 6.0; Windows NT 5.1)',
  'host' => 'tj.b.qq.com',
  'pragma' => 'no-cache',
)
[ info ] [ PARAM ] array (
)
[ info ] [ LOG ] INIT File

---------------------------------------------------------------
